1:C 17 May 2024 10:04:05.389 # oO0OoO0OoO0Oo Redis is starting oO0OoO0OoO0Oo
1:C 17 May 2024 10:04:05.390 # Redis version=7.0.12, bits=64, commit=00000000, modified=0, pid=1, just started
1:C 17 May 2024 10:04:05.390 # Configuration loaded
1:M 17 May 2024 10:04:05.390 * monotonic clock: POSIX clock_gettime
                _._                                                  
           _.-``__ ''-._                                             
      _.-``    `.  `_.  ''-._           Redis 7.0.12 (00000000/0) 64 bit
  .-`` .-```.  ```\/    _.,_ ''-._                                  
 (    '      ,       .-`  | `,    )     Running in standalone mode
 |`-._`-...-` __...-.``-._|'` _.-'|     Port: 6379
 |    `-._   `._    /     _.-'    |     PID: 1
  `-._    `-._  `-./  _.-'    _.-'                                   
 |`-._`-._    `-.__.-'    _.-'_.-'|                                  
 |    `-._`-._        _.-'_.-'    |           https://redis.io       
  `-._    `-._`-.__.-'_.-'    _.-'                                   
 |`-._`-._    `-.__.-'    _.-'_.-'|                                  
 |    `-._`-._        _.-'_.-'    |                                  
  `-._    `-._`-.__.-'_.-'    _.-'                                   
      `-._    `-.__.-'    _.-'                                       
          `-._        _.-'                                           
              `-.__.-'                                               

1:M 17 May 2024 10:04:05.391 # Server initialized
1:M 17 May 2024 10:04:05.395 * Creating AOF base file appendonly.aof.1.base.rdb on server start
1:M 17 May 2024 10:04:05.399 * Creating AOF incr file appendonly.aof.1.incr.aof on server start
1:M 17 May 2024 10:04:05.399 * Ready to accept connections
1:M 17 May 2024 10:05:12.070 - Accepted 192.168.65.1:31251
1:M 17 May 2024 10:05:12.074 - Client closed connection id=3 addr=192.168.65.1:31251 laddr=192.168.192.2:6379 fd=9 name= age=0 idle=0 flags=N db=0 sub=0 psub=0 ssub=0 multi=-1 qbuf=0 qbuf-free=20474 argv-mem=0 multi-mem=0 rbs=16384 rbp=16384 obl=0 oll=0 omem=0 tot-mem=37632 events=r cmd=ping user=default redir=-1 resp=2
1:M 17 May 2024 10:05:17.560 - Accepted 192.168.65.1:31286
1:M 17 May 2024 10:05:17.563 - Client closed connection id=4 addr=192.168.65.1:31286 laddr=192.168.192.2:6379 fd=9 name= age=0 idle=0 flags=N db=0 sub=0 psub=0 ssub=0 multi=-1 qbuf=0 qbuf-free=20474 argv-mem=0 multi-mem=0 rbs=16384 rbp=64 obl=0 oll=0 omem=0 tot-mem=37632 events=r cmd=auth user=default redir=-1 resp=2
1:M 17 May 2024 10:05:22.620 - Accepted 192.168.65.1:31321
1:M 17 May 2024 10:05:22.643 - Client closed connection id=5 addr=192.168.65.1:31321 laddr=192.168.192.2:6379 fd=9 name= age=0 idle=0 flags=N db=0 sub=0 psub=0 ssub=0 multi=-1 qbuf=0 qbuf-free=20474 argv-mem=0 multi-mem=0 rbs=16384 rbp=16384 obl=0 oll=0 omem=0 tot-mem=37632 events=r cmd=info user=default redir=-1 resp=2
1:signal-handler (1715911532) Received SIGTERM scheduling shutdown...
1:M 17 May 2024 10:05:33.059 # User requested shutdown...
1:M 17 May 2024 10:05:33.059 * Calling fsync() on the AOF file.
1:M 17 May 2024 10:05:33.059 * Saving the final RDB snapshot before exiting.
1:M 17 May 2024 10:05:33.061 * DB saved on disk
1:M 17 May 2024 10:05:33.061 * Removing the pid file.
1:M 17 May 2024 10:05:33.061 # Redis is now ready to exit, bye bye...
1:C 17 May 2024 10:05:33.530 # oO0OoO0OoO0Oo Redis is starting oO0OoO0OoO0Oo
1:C 17 May 2024 10:05:33.531 # Redis version=7.0.12, bits=64, commit=00000000, modified=0, pid=1, just started
1:C 17 May 2024 10:05:33.531 # Configuration loaded
1:M 17 May 2024 10:05:33.532 * monotonic clock: POSIX clock_gettime
                _._                                                  
           _.-``__ ''-._                                             
      _.-``    `.  `_.  ''-._           Redis 7.0.12 (00000000/0) 64 bit
  .-`` .-```.  ```\/    _.,_ ''-._                                  
 (    '      ,       .-`  | `,    )     Running in standalone mode
 |`-._`-...-` __...-.``-._|'` _.-'|     Port: 6379
 |    `-._   `._    /     _.-'    |     PID: 1
  `-._    `-._  `-./  _.-'    _.-'                                   
 |`-._`-._    `-.__.-'    _.-'_.-'|                                  
 |    `-._`-._        _.-'_.-'    |           https://redis.io       
  `-._    `-._`-.__.-'_.-'    _.-'                                   
 |`-._`-._    `-.__.-'    _.-'_.-'|                                  
 |    `-._`-._        _.-'_.-'    |                                  
  `-._    `-._`-.__.-'_.-'    _.-'                                   
      `-._    `-.__.-'    _.-'                                       
          `-._        _.-'                                           
              `-.__.-'                                               

1:M 17 May 2024 10:05:33.534 # Server initialized
1:M 17 May 2024 10:05:33.535 * Reading RDB base file on AOF loading...
1:M 17 May 2024 10:05:33.536 * Loading RDB produced by version 7.0.12
1:M 17 May 2024 10:05:33.536 * RDB age 88 seconds
1:M 17 May 2024 10:05:33.536 * RDB memory usage when created 0.85 Mb
1:M 17 May 2024 10:05:33.536 * RDB is base AOF
1:M 17 May 2024 10:05:33.536 * Done loading RDB, keys loaded: 0, keys expired: 0.
1:M 17 May 2024 10:05:33.537 * DB loaded from base file appendonly.aof.1.base.rdb: 0.001 seconds
1:M 17 May 2024 10:05:33.537 * DB loaded from append only file: 0.002 seconds
1:M 17 May 2024 10:05:33.537 * Opening AOF incr file appendonly.aof.1.incr.aof on server start
1:M 17 May 2024 10:05:33.538 * Ready to accept connections
1:M 17 May 2024 10:05:41.629 - Accepted 192.168.65.1:31368
1:M 17 May 2024 10:05:41.638 - Client closed connection id=4 addr=192.168.65.1:31368 laddr=192.168.192.2:6379 fd=9 name= age=0 idle=0 flags=N db=0 sub=0 psub=0 ssub=0 multi=-1 qbuf=0 qbuf-free=20474 argv-mem=0 multi-mem=0 rbs=16384 rbp=16384 obl=0 oll=0 omem=0 tot-mem=37632 events=r cmd=auth user=default redir=-1 resp=2
1:M 17 May 2024 10:05:46.306 - Accepted 192.168.65.1:31403
1:M 17 May 2024 10:05:46.328 - Client closed connection id=5 addr=192.168.65.1:31403 laddr=192.168.192.2:6379 fd=9 name= age=0 idle=0 flags=N db=0 sub=0 psub=0 ssub=0 multi=-1 qbuf=0 qbuf-free=20474 argv-mem=0 multi-mem=0 rbs=16384 rbp=16384 obl=0 oll=0 omem=0 tot-mem=37632 events=r cmd=info user=default redir=-1 resp=2
1:signal-handler (1715912212) Received SIGTERM scheduling shutdown...
1:M 17 May 2024 10:16:52.165 # User requested shutdown...
1:M 17 May 2024 10:16:52.166 * Calling fsync() on the AOF file.
1:M 17 May 2024 10:16:52.169 * Saving the final RDB snapshot before exiting.
1:M 17 May 2024 10:16:52.173 * DB saved on disk
1:M 17 May 2024 10:16:52.173 * Removing the pid file.
1:M 17 May 2024 10:16:52.175 # Redis is now ready to exit, bye bye...
1:C 17 May 2024 14:33:45.651 # oO0OoO0OoO0Oo Redis is starting oO0OoO0OoO0Oo
1:C 17 May 2024 14:33:45.652 # Redis version=7.0.12, bits=64, commit=00000000, modified=0, pid=1, just started
1:C 17 May 2024 14:33:45.652 # Configuration loaded
1:M 17 May 2024 14:33:45.653 * monotonic clock: POSIX clock_gettime
                _._                                                  
           _.-``__ ''-._                                             
      _.-``    `.  `_.  ''-._           Redis 7.0.12 (00000000/0) 64 bit
  .-`` .-```.  ```\/    _.,_ ''-._                                  
 (    '      ,       .-`  | `,    )     Running in standalone mode
 |`-._`-...-` __...-.``-._|'` _.-'|     Port: 6379
 |    `-._   `._    /     _.-'    |     PID: 1
  `-._    `-._  `-./  _.-'    _.-'                                   
 |`-._`-._    `-.__.-'    _.-'_.-'|                                  
 |    `-._`-._        _.-'_.-'    |           https://redis.io       
  `-._    `-._`-.__.-'_.-'    _.-'                                   
 |`-._`-._    `-.__.-'    _.-'_.-'|                                  
 |    `-._`-._        _.-'_.-'    |                                  
  `-._    `-._`-.__.-'_.-'    _.-'                                   
      `-._    `-.__.-'    _.-'                                       
          `-._        _.-'                                           
              `-.__.-'                                               

1:M 17 May 2024 14:33:45.655 # Server initialized
1:M 17 May 2024 14:33:45.658 * Reading RDB base file on AOF loading...
1:M 17 May 2024 14:33:45.659 * Loading RDB produced by version 7.0.12
1:M 17 May 2024 14:33:45.659 * RDB age 16180 seconds
1:M 17 May 2024 14:33:45.660 * RDB memory usage when created 0.85 Mb
1:M 17 May 2024 14:33:45.660 * RDB is base AOF
1:M 17 May 2024 14:33:45.660 * Done loading RDB, keys loaded: 0, keys expired: 0.
1:M 17 May 2024 14:33:45.661 * DB loaded from base file appendonly.aof.1.base.rdb: 0.003 seconds
1:M 17 May 2024 14:33:45.661 * DB loaded from append only file: 0.004 seconds
1:M 17 May 2024 14:33:45.662 * Opening AOF incr file appendonly.aof.1.incr.aof on server start
1:M 17 May 2024 14:33:45.662 * Ready to accept connections
1:signal-handler (1715927656) Received SIGTERM scheduling shutdown...
1:M 17 May 2024 14:34:16.208 # User requested shutdown...
1:M 17 May 2024 14:34:16.209 * Calling fsync() on the AOF file.
1:M 17 May 2024 14:34:16.209 * Saving the final RDB snapshot before exiting.
1:M 17 May 2024 14:34:16.211 * DB saved on disk
1:M 17 May 2024 14:34:16.211 * Removing the pid file.
1:M 17 May 2024 14:34:16.212 # Redis is now ready to exit, bye bye...
1:C 17 May 2024 14:42:09.748 # oO0OoO0OoO0Oo Redis is starting oO0OoO0OoO0Oo
1:C 17 May 2024 14:42:09.752 # Redis version=7.0.12, bits=64, commit=00000000, modified=0, pid=1, just started
1:C 17 May 2024 14:42:09.754 # Configuration loaded
1:M 17 May 2024 14:42:09.755 * monotonic clock: POSIX clock_gettime
                _._                                                  
           _.-``__ ''-._                                             
      _.-``    `.  `_.  ''-._           Redis 7.0.12 (00000000/0) 64 bit
  .-`` .-```.  ```\/    _.,_ ''-._                                  
 (    '      ,       .-`  | `,    )     Running in standalone mode
 |`-._`-...-` __...-.``-._|'` _.-'|     Port: 6379
 |    `-._   `._    /     _.-'    |     PID: 1
  `-._    `-._  `-./  _.-'    _.-'                                   
 |`-._`-._    `-.__.-'    _.-'_.-'|                                  
 |    `-._`-._        _.-'_.-'    |           https://redis.io       
  `-._    `-._`-.__.-'_.-'    _.-'                                   
 |`-._`-._    `-.__.-'    _.-'_.-'|                                  
 |    `-._`-._        _.-'_.-'    |                                  
  `-._    `-._`-.__.-'_.-'    _.-'                                   
      `-._    `-.__.-'    _.-'                                       
          `-._        _.-'                                           
              `-.__.-'                                               

1:M 17 May 2024 14:42:09.759 # Server initialized
1:M 17 May 2024 14:42:09.764 * Reading RDB base file on AOF loading...
1:M 17 May 2024 14:42:09.765 * Loading RDB produced by version 7.0.12
1:M 17 May 2024 14:42:09.767 * RDB age 16684 seconds
1:M 17 May 2024 14:42:09.768 * RDB memory usage when created 0.85 Mb
1:M 17 May 2024 14:42:09.779 * RDB is base AOF
1:M 17 May 2024 14:42:09.780 * Done loading RDB, keys loaded: 0, keys expired: 0.
1:M 17 May 2024 14:42:09.781 * DB loaded from base file appendonly.aof.1.base.rdb: 0.018 seconds
1:M 17 May 2024 14:42:09.782 * DB loaded from append only file: 0.019 seconds
1:M 17 May 2024 14:42:09.783 * Opening AOF incr file appendonly.aof.1.incr.aof on server start
1:M 17 May 2024 14:42:09.784 * Ready to accept connections
1:signal-handler (1715928159) Received SIGTERM scheduling shutdown...
1:M 17 May 2024 14:42:39.847 # User requested shutdown...
1:M 17 May 2024 14:42:39.847 * Calling fsync() on the AOF file.
1:M 17 May 2024 14:42:39.848 * Saving the final RDB snapshot before exiting.
1:M 17 May 2024 14:42:39.849 * DB saved on disk
1:M 17 May 2024 14:42:39.850 * Removing the pid file.
1:M 17 May 2024 14:42:39.850 # Redis is now ready to exit, bye bye...
1:C 17 May 2024 14:54:30.498 # oO0OoO0OoO0Oo Redis is starting oO0OoO0OoO0Oo
1:C 17 May 2024 14:54:30.499 # Redis version=7.0.12, bits=64, commit=00000000, modified=0, pid=1, just started
1:C 17 May 2024 14:54:30.500 # Configuration loaded
1:M 17 May 2024 14:54:30.501 * monotonic clock: POSIX clock_gettime
                _._                                                  
           _.-``__ ''-._                                             
      _.-``    `.  `_.  ''-._           Redis 7.0.12 (00000000/0) 64 bit
  .-`` .-```.  ```\/    _.,_ ''-._                                  
 (    '      ,       .-`  | `,    )     Running in standalone mode
 |`-._`-...-` __...-.``-._|'` _.-'|     Port: 6379
 |    `-._   `._    /     _.-'    |     PID: 1
  `-._    `-._  `-./  _.-'    _.-'                                   
 |`-._`-._    `-.__.-'    _.-'_.-'|                                  
 |    `-._`-._        _.-'_.-'    |           https://redis.io       
  `-._    `-._`-.__.-'_.-'    _.-'                                   
 |`-._`-._    `-.__.-'    _.-'_.-'|                                  
 |    `-._`-._        _.-'_.-'    |                                  
  `-._    `-._`-.__.-'_.-'    _.-'                                   
      `-._    `-.__.-'    _.-'                                       
          `-._        _.-'                                           
              `-.__.-'                                               

1:M 17 May 2024 14:54:30.505 # Server initialized
1:M 17 May 2024 14:54:30.509 * Reading RDB base file on AOF loading...
1:M 17 May 2024 14:54:30.510 * Loading RDB produced by version 7.0.12
1:M 17 May 2024 14:54:30.511 * RDB age 17425 seconds
1:M 17 May 2024 14:54:30.511 * RDB memory usage when created 0.85 Mb
1:M 17 May 2024 14:54:30.512 * RDB is base AOF
1:M 17 May 2024 14:54:30.513 * Done loading RDB, keys loaded: 0, keys expired: 0.
1:M 17 May 2024 14:54:30.514 * DB loaded from base file appendonly.aof.1.base.rdb: 0.005 seconds
1:M 17 May 2024 14:54:30.514 * DB loaded from append only file: 0.006 seconds
1:M 17 May 2024 14:54:30.515 * Opening AOF incr file appendonly.aof.1.incr.aof on server start
1:M 17 May 2024 14:54:30.517 * Ready to accept connections
1:signal-handler (1715928895) Received SIGTERM scheduling shutdown...
1:M 17 May 2024 14:54:55.289 # User requested shutdown...
1:M 17 May 2024 14:54:55.290 * Calling fsync() on the AOF file.
1:M 17 May 2024 14:54:55.290 * Saving the final RDB snapshot before exiting.
1:M 17 May 2024 14:54:55.294 * DB saved on disk
1:M 17 May 2024 14:54:55.295 * Removing the pid file.
1:M 17 May 2024 14:54:55.296 # Redis is now ready to exit, bye bye...
1:C 17 May 2024 14:58:00.757 # oO0OoO0OoO0Oo Redis is starting oO0OoO0OoO0Oo
1:C 17 May 2024 14:58:00.758 # Redis version=7.0.12, bits=64, commit=00000000, modified=0, pid=1, just started
1:C 17 May 2024 14:58:00.759 # Configuration loaded
1:M 17 May 2024 14:58:00.760 * monotonic clock: POSIX clock_gettime
                _._                                                  
           _.-``__ ''-._                                             
      _.-``    `.  `_.  ''-._           Redis 7.0.12 (00000000/0) 64 bit
  .-`` .-```.  ```\/    _.,_ ''-._                                  
 (    '      ,       .-`  | `,    )     Running in standalone mode
 |`-._`-...-` __...-.``-._|'` _.-'|     Port: 6379
 |    `-._   `._    /     _.-'    |     PID: 1
  `-._    `-._  `-./  _.-'    _.-'                                   
 |`-._`-._    `-.__.-'    _.-'_.-'|                                  
 |    `-._`-._        _.-'_.-'    |           https://redis.io       
  `-._    `-._`-.__.-'_.-'    _.-'                                   
 |`-._`-._    `-.__.-'    _.-'_.-'|                                  
 |    `-._`-._        _.-'_.-'    |                                  
  `-._    `-._`-.__.-'_.-'    _.-'                                   
      `-._    `-.__.-'    _.-'                                       
          `-._        _.-'                                           
              `-.__.-'                                               

1:M 17 May 2024 14:58:00.763 # Server initialized
1:M 17 May 2024 14:58:00.768 * Reading RDB base file on AOF loading...
1:M 17 May 2024 14:58:00.768 * Loading RDB produced by version 7.0.12
1:M 17 May 2024 14:58:00.769 * RDB age 17635 seconds
1:M 17 May 2024 14:58:00.771 * RDB memory usage when created 0.85 Mb
1:M 17 May 2024 14:58:00.772 * RDB is base AOF
1:M 17 May 2024 14:58:00.772 * Done loading RDB, keys loaded: 0, keys expired: 0.
1:M 17 May 2024 14:58:00.773 * DB loaded from base file appendonly.aof.1.base.rdb: 0.005 seconds
1:M 17 May 2024 14:58:00.775 * DB loaded from append only file: 0.007 seconds
1:M 17 May 2024 14:58:00.776 * Opening AOF incr file appendonly.aof.1.incr.aof on server start
1:M 17 May 2024 14:58:00.777 * Ready to accept connections
1:signal-handler (1715929098) Received SIGTERM scheduling shutdown...
1:M 17 May 2024 14:58:18.252 # User requested shutdown...
1:M 17 May 2024 14:58:18.253 * Calling fsync() on the AOF file.
1:M 17 May 2024 14:58:18.254 * Saving the final RDB snapshot before exiting.
1:M 17 May 2024 14:58:18.258 * DB saved on disk
1:M 17 May 2024 14:58:18.260 * Removing the pid file.
1:M 17 May 2024 14:58:18.262 # Redis is now ready to exit, bye bye...
1:C 17 May 2024 15:00:07.300 # oO0OoO0OoO0Oo Redis is starting oO0OoO0OoO0Oo
1:C 17 May 2024 15:00:07.300 # Redis version=7.0.12, bits=64, commit=00000000, modified=0, pid=1, just started
1:C 17 May 2024 15:00:07.300 # Configuration loaded
1:M 17 May 2024 15:00:07.301 * monotonic clock: POSIX clock_gettime
                _._                                                  
           _.-``__ ''-._                                             
      _.-``    `.  `_.  ''-._           Redis 7.0.12 (00000000/0) 64 bit
  .-`` .-```.  ```\/    _.,_ ''-._                                  
 (    '      ,       .-`  | `,    )     Running in standalone mode
 |`-._`-...-` __...-.``-._|'` _.-'|     Port: 6379
 |    `-._   `._    /     _.-'    |     PID: 1
  `-._    `-._  `-./  _.-'    _.-'                                   
 |`-._`-._    `-.__.-'    _.-'_.-'|                                  
 |    `-._`-._        _.-'_.-'    |           https://redis.io       
  `-._    `-._`-.__.-'_.-'    _.-'                                   
 |`-._`-._    `-.__.-'    _.-'_.-'|                                  
 |    `-._`-._        _.-'_.-'    |                                  
  `-._    `-._`-.__.-'_.-'    _.-'                                   
      `-._    `-.__.-'    _.-'                                       
          `-._        _.-'                                           
              `-.__.-'                                               

1:M 17 May 2024 15:00:07.304 # Server initialized
1:M 17 May 2024 15:00:07.306 * Reading RDB base file on AOF loading...
1:M 17 May 2024 15:00:07.307 * Loading RDB produced by version 7.0.12
1:M 17 May 2024 15:00:07.307 * RDB age 17762 seconds
1:M 17 May 2024 15:00:07.308 * RDB memory usage when created 0.85 Mb
1:M 17 May 2024 15:00:07.308 * RDB is base AOF
1:M 17 May 2024 15:00:07.308 * Done loading RDB, keys loaded: 0, keys expired: 0.
1:M 17 May 2024 15:00:07.309 * DB loaded from base file appendonly.aof.1.base.rdb: 0.003 seconds
1:M 17 May 2024 15:00:07.309 * DB loaded from append only file: 0.003 seconds
1:M 17 May 2024 15:00:07.310 * Opening AOF incr file appendonly.aof.1.incr.aof on server start
1:M 17 May 2024 15:00:07.310 * Ready to accept connections
1:signal-handler (1715929486) Received SIGTERM scheduling shutdown...
1:M 17 May 2024 15:04:46.750 # User requested shutdown...
1:M 17 May 2024 15:04:46.750 * Calling fsync() on the AOF file.
1:M 17 May 2024 15:04:46.750 * Saving the final RDB snapshot before exiting.
1:M 17 May 2024 15:04:46.752 * DB saved on disk
1:M 17 May 2024 15:04:46.752 * Removing the pid file.
1:M 17 May 2024 15:04:46.752 # Redis is now ready to exit, bye bye...
1:C 17 May 2024 15:09:10.902 # oO0OoO0OoO0Oo Redis is starting oO0OoO0OoO0Oo
1:C 17 May 2024 15:09:10.902 # Redis version=7.0.12, bits=64, commit=00000000, modified=0, pid=1, just started
1:C 17 May 2024 15:09:10.904 # Configuration loaded
1:M 17 May 2024 15:09:10.905 * monotonic clock: POSIX clock_gettime
                _._                                                  
           _.-``__ ''-._                                             
      _.-``    `.  `_.  ''-._           Redis 7.0.12 (00000000/0) 64 bit
  .-`` .-```.  ```\/    _.,_ ''-._                                  
 (    '      ,       .-`  | `,    )     Running in standalone mode
 |`-._`-...-` __...-.``-._|'` _.-'|     Port: 6379
 |    `-._   `._    /     _.-'    |     PID: 1
  `-._    `-._  `-./  _.-'    _.-'                                   
 |`-._`-._    `-.__.-'    _.-'_.-'|                                  
 |    `-._`-._        _.-'_.-'    |           https://redis.io       
  `-._    `-._`-.__.-'_.-'    _.-'                                   
 |`-._`-._    `-.__.-'    _.-'_.-'|                                  
 |    `-._`-._        _.-'_.-'    |                                  
  `-._    `-._`-.__.-'_.-'    _.-'                                   
      `-._    `-.__.-'    _.-'                                       
          `-._        _.-'                                           
              `-.__.-'                                               

1:M 17 May 2024 15:09:10.915 # Server initialized
1:M 17 May 2024 15:09:10.920 * Reading RDB base file on AOF loading...
1:M 17 May 2024 15:09:10.920 * Loading RDB produced by version 7.0.12
1:M 17 May 2024 15:09:10.921 * RDB age 18305 seconds
1:M 17 May 2024 15:09:10.922 * RDB memory usage when created 0.85 Mb
1:M 17 May 2024 15:09:10.923 * RDB is base AOF
1:M 17 May 2024 15:09:10.925 * Done loading RDB, keys loaded: 0, keys expired: 0.
1:M 17 May 2024 15:09:10.926 * DB loaded from base file appendonly.aof.1.base.rdb: 0.007 seconds
1:M 17 May 2024 15:09:10.926 * DB loaded from append only file: 0.008 seconds
1:M 17 May 2024 15:09:10.928 * Opening AOF incr file appendonly.aof.1.incr.aof on server start
1:M 17 May 2024 15:09:10.928 * Ready to accept connections
1:C 17 May 2024 15:13:35.829 # oO0OoO0OoO0Oo Redis is starting oO0OoO0OoO0Oo
1:C 17 May 2024 15:13:35.829 # Redis version=7.0.12, bits=64, commit=00000000, modified=0, pid=1, just started
1:C 17 May 2024 15:13:35.830 # Configuration loaded
1:M 17 May 2024 15:13:35.830 * monotonic clock: POSIX clock_gettime
                _._                                                  
           _.-``__ ''-._                                             
      _.-``    `.  `_.  ''-._           Redis 7.0.12 (00000000/0) 64 bit
  .-`` .-```.  ```\/    _.,_ ''-._                                  
 (    '      ,       .-`  | `,    )     Running in standalone mode
 |`-._`-...-` __...-.``-._|'` _.-'|     Port: 6379
 |    `-._   `._    /     _.-'    |     PID: 1
  `-._    `-._  `-./  _.-'    _.-'                                   
 |`-._`-._    `-.__.-'    _.-'_.-'|                                  
 |    `-._`-._        _.-'_.-'    |           https://redis.io       
  `-._    `-._`-.__.-'_.-'    _.-'                                   
 |`-._`-._    `-.__.-'    _.-'_.-'|                                  
 |    `-._`-._        _.-'_.-'    |                                  
  `-._    `-._`-.__.-'_.-'    _.-'                                   
      `-._    `-.__.-'    _.-'                                       
          `-._        _.-'                                           
              `-.__.-'                                               

1:M 17 May 2024 15:13:35.832 # Server initialized
1:M 17 May 2024 15:13:35.839 * Reading RDB base file on AOF loading...
1:M 17 May 2024 15:13:35.839 * Loading RDB produced by version 7.0.12
1:M 17 May 2024 15:13:35.840 * RDB age 18570 seconds
1:M 17 May 2024 15:13:35.840 * RDB memory usage when created 0.85 Mb
1:M 17 May 2024 15:13:35.840 * RDB is base AOF
1:M 17 May 2024 15:13:35.840 * Done loading RDB, keys loaded: 0, keys expired: 0.
1:M 17 May 2024 15:13:35.841 * DB loaded from base file appendonly.aof.1.base.rdb: 0.003 seconds
1:M 17 May 2024 15:13:35.841 * DB loaded from append only file: 0.004 seconds
1:M 17 May 2024 15:13:35.842 * Opening AOF incr file appendonly.aof.1.incr.aof on server start
1:M 17 May 2024 15:13:35.842 * Ready to accept connections
1:signal-handler (1715930094) Received SIGTERM scheduling shutdown...
1:M 17 May 2024 15:14:54.743 # User requested shutdown...
1:M 17 May 2024 15:14:54.743 * Calling fsync() on the AOF file.
1:M 17 May 2024 15:14:54.744 * Saving the final RDB snapshot before exiting.
1:M 17 May 2024 15:14:54.745 * DB saved on disk
1:M 17 May 2024 15:14:54.745 * Removing the pid file.
1:M 17 May 2024 15:14:54.746 # Redis is now ready to exit, bye bye...
1:C 17 May 2024 15:29:47.838 # oO0OoO0OoO0Oo Redis is starting oO0OoO0OoO0Oo
1:C 17 May 2024 15:29:47.839 # Redis version=7.0.12, bits=64, commit=00000000, modified=0, pid=1, just started
1:C 17 May 2024 15:29:47.839 # Configuration loaded
1:M 17 May 2024 15:29:47.840 * monotonic clock: POSIX clock_gettime
                _._                                                  
           _.-``__ ''-._                                             
      _.-``    `.  `_.  ''-._           Redis 7.0.12 (00000000/0) 64 bit
  .-`` .-```.  ```\/    _.,_ ''-._                                  
 (    '      ,       .-`  | `,    )     Running in standalone mode
 |`-._`-...-` __...-.``-._|'` _.-'|     Port: 6379
 |    `-._   `._    /     _.-'    |     PID: 1
  `-._    `-._  `-./  _.-'    _.-'                                   
 |`-._`-._    `-.__.-'    _.-'_.-'|                                  
 |    `-._`-._        _.-'_.-'    |           https://redis.io       
  `-._    `-._`-.__.-'_.-'    _.-'                                   
 |`-._`-._    `-.__.-'    _.-'_.-'|                                  
 |    `-._`-._        _.-'_.-'    |                                  
  `-._    `-._`-.__.-'_.-'    _.-'                                   
      `-._    `-.__.-'    _.-'                                       
          `-._        _.-'                                           
              `-.__.-'                                               

1:M 17 May 2024 15:29:47.842 # Server initialized
1:M 17 May 2024 15:29:47.846 * Reading RDB base file on AOF loading...
1:M 17 May 2024 15:29:47.847 * Loading RDB produced by version 7.0.12
1:M 17 May 2024 15:29:47.847 * RDB age 19542 seconds
1:M 17 May 2024 15:29:47.848 * RDB memory usage when created 0.85 Mb
1:M 17 May 2024 15:29:47.848 * RDB is base AOF
1:M 17 May 2024 15:29:47.848 * Done loading RDB, keys loaded: 0, keys expired: 0.
1:M 17 May 2024 15:29:47.849 * DB loaded from base file appendonly.aof.1.base.rdb: 0.003 seconds
1:M 17 May 2024 15:29:47.850 * DB loaded from append only file: 0.004 seconds
1:M 17 May 2024 15:29:47.850 * Opening AOF incr file appendonly.aof.1.incr.aof on server start
1:M 17 May 2024 15:29:47.851 * Ready to accept connections
1:signal-handler (1715931086) Received SIGTERM scheduling shutdown...
1:M 17 May 2024 15:31:26.877 # User requested shutdown...
1:M 17 May 2024 15:31:26.877 * Calling fsync() on the AOF file.
1:M 17 May 2024 15:31:26.878 * Saving the final RDB snapshot before exiting.
1:M 17 May 2024 15:31:26.879 * DB saved on disk
1:M 17 May 2024 15:31:26.879 * Removing the pid file.
1:M 17 May 2024 15:31:26.879 # Redis is now ready to exit, bye bye...
1:C 17 May 2024 15:31:59.982 # oO0OoO0OoO0Oo Redis is starting oO0OoO0OoO0Oo
1:C 17 May 2024 15:31:59.982 # Redis version=7.0.12, bits=64, commit=00000000, modified=0, pid=1, just started
1:C 17 May 2024 15:31:59.983 # Configuration loaded
1:M 17 May 2024 15:31:59.984 * monotonic clock: POSIX clock_gettime
                _._                                                  
           _.-``__ ''-._                                             
      _.-``    `.  `_.  ''-._           Redis 7.0.12 (00000000/0) 64 bit
  .-`` .-```.  ```\/    _.,_ ''-._                                  
 (    '      ,       .-`  | `,    )     Running in standalone mode
 |`-._`-...-` __...-.``-._|'` _.-'|     Port: 6379
 |    `-._   `._    /     _.-'    |     PID: 1
  `-._    `-._  `-./  _.-'    _.-'                                   
 |`-._`-._    `-.__.-'    _.-'_.-'|                                  
 |    `-._`-._        _.-'_.-'    |           https://redis.io       
  `-._    `-._`-.__.-'_.-'    _.-'                                   
 |`-._`-._    `-.__.-'    _.-'_.-'|                                  
 |    `-._`-._        _.-'_.-'    |                                  
  `-._    `-._`-.__.-'_.-'    _.-'                                   
      `-._    `-.__.-'    _.-'                                       
          `-._        _.-'                                           
              `-.__.-'                                               

1:M 17 May 2024 15:31:59.986 # Server initialized
1:M 17 May 2024 15:31:59.990 * Reading RDB base file on AOF loading...
1:M 17 May 2024 15:31:59.990 * Loading RDB produced by version 7.0.12
1:M 17 May 2024 15:31:59.991 * RDB age 19674 seconds
1:M 17 May 2024 15:31:59.991 * RDB memory usage when created 0.85 Mb
1:M 17 May 2024 15:31:59.992 * RDB is base AOF
1:M 17 May 2024 15:31:59.992 * Done loading RDB, keys loaded: 0, keys expired: 0.
1:M 17 May 2024 15:31:59.993 * DB loaded from base file appendonly.aof.1.base.rdb: 0.004 seconds
1:M 17 May 2024 15:31:59.994 * DB loaded from append only file: 0.005 seconds
1:M 17 May 2024 15:31:59.995 * Opening AOF incr file appendonly.aof.1.incr.aof on server start
1:M 17 May 2024 15:31:59.995 * Ready to accept connections
1:signal-handler (1715931545) Received SIGTERM scheduling shutdown...
1:M 17 May 2024 15:39:05.558 # User requested shutdown...
1:M 17 May 2024 15:39:05.559 * Calling fsync() on the AOF file.
1:M 17 May 2024 15:39:05.559 * Saving the final RDB snapshot before exiting.
1:M 17 May 2024 15:39:05.561 * DB saved on disk
1:M 17 May 2024 15:39:05.561 * Removing the pid file.
1:M 17 May 2024 15:39:05.561 # Redis is now ready to exit, bye bye...
1:C 21 May 2024 15:41:01.776 # oO0OoO0OoO0Oo Redis is starting oO0OoO0OoO0Oo
1:C 21 May 2024 15:41:01.776 # Redis version=7.0.12, bits=64, commit=00000000, modified=0, pid=1, just started
1:C 21 May 2024 15:41:01.777 # Configuration loaded
1:M 21 May 2024 15:41:01.777 * monotonic clock: POSIX clock_gettime
                _._                                                  
           _.-``__ ''-._                                             
      _.-``    `.  `_.  ''-._           Redis 7.0.12 (00000000/0) 64 bit
  .-`` .-```.  ```\/    _.,_ ''-._                                  
 (    '      ,       .-`  | `,    )     Running in standalone mode
 |`-._`-...-` __...-.``-._|'` _.-'|     Port: 6379
 |    `-._   `._    /     _.-'    |     PID: 1
  `-._    `-._  `-./  _.-'    _.-'                                   
 |`-._`-._    `-.__.-'    _.-'_.-'|                                  
 |    `-._`-._        _.-'_.-'    |           https://redis.io       
  `-._    `-._`-.__.-'_.-'    _.-'                                   
 |`-._`-._    `-.__.-'    _.-'_.-'|                                  
 |    `-._`-._        _.-'_.-'    |                                  
  `-._    `-._`-.__.-'_.-'    _.-'                                   
      `-._    `-.__.-'    _.-'                                       
          `-._        _.-'                                           
              `-.__.-'                                               

1:M 21 May 2024 15:41:01.781 # Server initialized
1:M 21 May 2024 15:41:01.784 * Reading RDB base file on AOF loading...
1:M 21 May 2024 15:41:01.785 * Loading RDB produced by version 7.0.12
1:M 21 May 2024 15:41:01.785 * RDB age 365816 seconds
1:M 21 May 2024 15:41:01.786 * RDB memory usage when created 0.85 Mb
1:M 21 May 2024 15:41:01.786 * RDB is base AOF
1:M 21 May 2024 15:41:01.786 * Done loading RDB, keys loaded: 0, keys expired: 0.
1:M 21 May 2024 15:41:01.787 * DB loaded from base file appendonly.aof.1.base.rdb: 0.003 seconds
1:M 21 May 2024 15:41:01.787 * DB loaded from append only file: 0.004 seconds
1:M 21 May 2024 15:41:01.790 * Opening AOF incr file appendonly.aof.1.incr.aof on server start
1:M 21 May 2024 15:41:01.790 * Ready to accept connections
1:signal-handler (1716281535) Received SIGTERM scheduling shutdown...
1:M 21 May 2024 16:52:15.478 # User requested shutdown...
1:M 21 May 2024 16:52:15.479 * Calling fsync() on the AOF file.
1:M 21 May 2024 16:52:15.483 * Saving the final RDB snapshot before exiting.
1:M 21 May 2024 16:52:15.485 * DB saved on disk
1:M 21 May 2024 16:52:15.485 * Removing the pid file.
1:M 21 May 2024 16:52:15.486 # Redis is now ready to exit, bye bye...
1:C 24 May 2024 15:10:50.086 # oO0OoO0OoO0Oo Redis is starting oO0OoO0OoO0Oo
1:C 24 May 2024 15:10:50.087 # Redis version=7.0.12, bits=64, commit=00000000, modified=0, pid=1, just started
1:C 24 May 2024 15:10:50.088 # Configuration loaded
1:M 24 May 2024 15:10:50.089 * monotonic clock: POSIX clock_gettime
                _._                                                  
           _.-``__ ''-._                                             
      _.-``    `.  `_.  ''-._           Redis 7.0.12 (00000000/0) 64 bit
  .-`` .-```.  ```\/    _.,_ ''-._                                  
 (    '      ,       .-`  | `,    )     Running in standalone mode
 |`-._`-...-` __...-.``-._|'` _.-'|     Port: 6379
 |    `-._   `._    /     _.-'    |     PID: 1
  `-._    `-._  `-./  _.-'    _.-'                                   
 |`-._`-._    `-.__.-'    _.-'_.-'|                                  
 |    `-._`-._        _.-'_.-'    |           https://redis.io       
  `-._    `-._`-.__.-'_.-'    _.-'                                   
 |`-._`-._    `-.__.-'    _.-'_.-'|                                  
 |    `-._`-._        _.-'_.-'    |                                  
  `-._    `-._`-.__.-'_.-'    _.-'                                   
      `-._    `-.__.-'    _.-'                                       
          `-._        _.-'                                           
              `-.__.-'                                               

1:M 24 May 2024 15:10:50.092 # Server initialized
1:M 24 May 2024 15:10:50.105 * Reading RDB base file on AOF loading...
1:M 24 May 2024 15:10:50.106 * Loading RDB produced by version 7.0.12
1:M 24 May 2024 15:10:50.107 * RDB age 623205 seconds
1:M 24 May 2024 15:10:50.109 * RDB memory usage when created 0.85 Mb
1:M 24 May 2024 15:10:50.111 * RDB is base AOF
1:M 24 May 2024 15:10:50.112 * Done loading RDB, keys loaded: 0, keys expired: 0.
1:M 24 May 2024 15:10:50.114 * DB loaded from base file appendonly.aof.1.base.rdb: 0.009 seconds
1:M 24 May 2024 15:10:50.115 * DB loaded from append only file: 0.011 seconds
1:M 24 May 2024 15:10:50.116 * Opening AOF incr file appendonly.aof.1.incr.aof on server start
1:M 24 May 2024 15:10:50.117 * Ready to accept connections
1:signal-handler (1716534779) Received SIGTERM scheduling shutdown...
1:M 24 May 2024 15:12:59.760 # User requested shutdown...
1:M 24 May 2024 15:12:59.761 * Calling fsync() on the AOF file.
1:M 24 May 2024 15:12:59.761 * Saving the final RDB snapshot before exiting.
1:M 24 May 2024 15:12:59.762 * DB saved on disk
1:M 24 May 2024 15:12:59.762 * Removing the pid file.
1:M 24 May 2024 15:12:59.763 # Redis is now ready to exit, bye bye...
1:C 30 May 2024 09:33:16.892 # oO0OoO0OoO0Oo Redis is starting oO0OoO0OoO0Oo
1:C 30 May 2024 09:33:16.892 # Redis version=7.0.12, bits=64, commit=00000000, modified=0, pid=1, just started
1:C 30 May 2024 09:33:16.894 # Configuration loaded
1:M 30 May 2024 09:33:16.895 * monotonic clock: POSIX clock_gettime
                _._                                                  
           _.-``__ ''-._                                             
      _.-``    `.  `_.  ''-._           Redis 7.0.12 (00000000/0) 64 bit
  .-`` .-```.  ```\/    _.,_ ''-._                                  
 (    '      ,       .-`  | `,    )     Running in standalone mode
 |`-._`-...-` __...-.``-._|'` _.-'|     Port: 6379
 |    `-._   `._    /     _.-'    |     PID: 1
  `-._    `-._  `-./  _.-'    _.-'                                   
 |`-._`-._    `-.__.-'    _.-'_.-'|                                  
 |    `-._`-._        _.-'_.-'    |           https://redis.io       
  `-._    `-._`-.__.-'_.-'    _.-'                                   
 |`-._`-._    `-.__.-'    _.-'_.-'|                                  
 |    `-._`-._        _.-'_.-'    |                                  
  `-._    `-._`-.__.-'_.-'    _.-'                                   
      `-._    `-.__.-'    _.-'                                       
          `-._        _.-'                                           
              `-.__.-'                                               

1:M 30 May 2024 09:33:16.897 # Server initialized
1:M 30 May 2024 09:33:16.901 * Reading RDB base file on AOF loading...
1:M 30 May 2024 09:33:16.901 * Loading RDB produced by version 7.0.12
1:M 30 May 2024 09:33:16.902 * RDB age 1121351 seconds
1:M 30 May 2024 09:33:16.902 * RDB memory usage when created 0.85 Mb
1:M 30 May 2024 09:33:16.902 * RDB is base AOF
1:M 30 May 2024 09:33:16.903 * Done loading RDB, keys loaded: 0, keys expired: 0.
1:M 30 May 2024 09:33:16.903 * DB loaded from base file appendonly.aof.1.base.rdb: 0.003 seconds
1:M 30 May 2024 09:33:16.903 * DB loaded from append only file: 0.004 seconds
1:M 30 May 2024 09:33:16.904 * Opening AOF incr file appendonly.aof.1.incr.aof on server start
1:M 30 May 2024 09:33:16.904 * Ready to accept connections
1:signal-handler (1717032984) Received SIGTERM scheduling shutdown...
1:M 30 May 2024 09:36:24.309 # User requested shutdown...
1:M 30 May 2024 09:36:24.309 * Calling fsync() on the AOF file.
1:M 30 May 2024 09:36:24.309 * Saving the final RDB snapshot before exiting.
1:M 30 May 2024 09:36:24.310 * DB saved on disk
1:M 30 May 2024 09:36:24.311 * Removing the pid file.
1:M 30 May 2024 09:36:24.311 # Redis is now ready to exit, bye bye...
1:C 17 Jun 2024 17:13:10.898 # oO0OoO0OoO0Oo Redis is starting oO0OoO0OoO0Oo
1:C 17 Jun 2024 17:13:10.901 # Redis version=7.0.12, bits=64, commit=00000000, modified=0, pid=1, just started
1:C 17 Jun 2024 17:13:10.902 # Configuration loaded
1:M 17 Jun 2024 17:13:10.904 * monotonic clock: POSIX clock_gettime
                _._                                                  
           _.-``__ ''-._                                             
      _.-``    `.  `_.  ''-._           Redis 7.0.12 (00000000/0) 64 bit
  .-`` .-```.  ```\/    _.,_ ''-._                                  
 (    '      ,       .-`  | `,    )     Running in standalone mode
 |`-._`-...-` __...-.``-._|'` _.-'|     Port: 6379
 |    `-._   `._    /     _.-'    |     PID: 1
  `-._    `-._  `-./  _.-'    _.-'                                   
 |`-._`-._    `-.__.-'    _.-'_.-'|                                  
 |    `-._`-._        _.-'_.-'    |           https://redis.io       
  `-._    `-._`-.__.-'_.-'    _.-'                                   
 |`-._`-._    `-.__.-'    _.-'_.-'|                                  
 |    `-._`-._        _.-'_.-'    |                                  
  `-._    `-._`-.__.-'_.-'    _.-'                                   
      `-._    `-.__.-'    _.-'                                       
          `-._        _.-'                                           
              `-.__.-'                                               

1:M 17 Jun 2024 17:13:10.911 # Server initialized
1:M 17 Jun 2024 17:13:10.920 * Reading RDB base file on AOF loading...
1:M 17 Jun 2024 17:13:10.927 * Loading RDB produced by version 7.0.12
1:M 17 Jun 2024 17:13:10.933 * RDB age 2704145 seconds
1:M 17 Jun 2024 17:13:10.934 * RDB memory usage when created 0.85 Mb
1:M 17 Jun 2024 17:13:10.935 * RDB is base AOF
1:M 17 Jun 2024 17:13:10.937 * Done loading RDB, keys loaded: 0, keys expired: 0.
1:M 17 Jun 2024 17:13:10.938 * DB loaded from base file appendonly.aof.1.base.rdb: 0.019 seconds
1:M 17 Jun 2024 17:13:10.939 * DB loaded from append only file: 0.021 seconds
1:M 17 Jun 2024 17:13:10.940 * Opening AOF incr file appendonly.aof.1.incr.aof on server start
1:M 17 Jun 2024 17:13:10.941 * Ready to accept connections
1:signal-handler (1718615597) Received SIGTERM scheduling shutdown...
1:M 17 Jun 2024 17:13:18.080 # User requested shutdown...
1:M 17 Jun 2024 17:13:18.081 * Calling fsync() on the AOF file.
1:M 17 Jun 2024 17:13:18.081 * Saving the final RDB snapshot before exiting.
1:M 17 Jun 2024 17:13:18.083 * DB saved on disk
1:M 17 Jun 2024 17:13:18.083 * Removing the pid file.
1:M 17 Jun 2024 17:13:18.083 # Redis is now ready to exit, bye bye...
1:C 17 Jun 2024 17:34:04.449 # oO0OoO0OoO0Oo Redis is starting oO0OoO0OoO0Oo
1:C 17 Jun 2024 17:34:04.450 # Redis version=7.0.12, bits=64, commit=00000000, modified=0, pid=1, just started
1:C 17 Jun 2024 17:34:04.450 # Configuration loaded
1:M 17 Jun 2024 17:34:04.451 * monotonic clock: POSIX clock_gettime
                _._                                                  
           _.-``__ ''-._                                             
      _.-``    `.  `_.  ''-._           Redis 7.0.12 (00000000/0) 64 bit
  .-`` .-```.  ```\/    _.,_ ''-._                                  
 (    '      ,       .-`  | `,    )     Running in standalone mode
 |`-._`-...-` __...-.``-._|'` _.-'|     Port: 6379
 |    `-._   `._    /     _.-'    |     PID: 1
  `-._    `-._  `-./  _.-'    _.-'                                   
 |`-._`-._    `-.__.-'    _.-'_.-'|                                  
 |    `-._`-._        _.-'_.-'    |           https://redis.io       
  `-._    `-._`-.__.-'_.-'    _.-'                                   
 |`-._`-._    `-.__.-'    _.-'_.-'|                                  
 |    `-._`-._        _.-'_.-'    |                                  
  `-._    `-._`-.__.-'_.-'    _.-'                                   
      `-._    `-.__.-'    _.-'                                       
          `-._        _.-'                                           
              `-.__.-'                                               

1:M 17 Jun 2024 17:34:04.454 # Server initialized
1:M 17 Jun 2024 17:34:04.459 * Reading RDB base file on AOF loading...
1:M 17 Jun 2024 17:34:04.460 * Loading RDB produced by version 7.0.12
1:M 17 Jun 2024 17:34:04.460 * RDB age 2705399 seconds
1:M 17 Jun 2024 17:34:04.461 * RDB memory usage when created 0.85 Mb
1:M 17 Jun 2024 17:34:04.461 * RDB is base AOF
1:M 17 Jun 2024 17:34:04.461 * Done loading RDB, keys loaded: 0, keys expired: 0.
1:M 17 Jun 2024 17:34:04.462 * DB loaded from base file appendonly.aof.1.base.rdb: 0.004 seconds
1:M 17 Jun 2024 17:34:04.463 * DB loaded from append only file: 0.004 seconds
1:M 17 Jun 2024 17:34:04.463 * Opening AOF incr file appendonly.aof.1.incr.aof on server start
1:M 17 Jun 2024 17:34:04.463 * Ready to accept connections
1:signal-handler (1718616973) Received SIGTERM scheduling shutdown...
1:M 17 Jun 2024 17:36:13.157 # User requested shutdown...
1:M 17 Jun 2024 17:36:13.158 * Calling fsync() on the AOF file.
1:M 17 Jun 2024 17:36:13.158 * Saving the final RDB snapshot before exiting.
1:M 17 Jun 2024 17:36:13.159 * DB saved on disk
1:M 17 Jun 2024 17:36:13.159 * Removing the pid file.
1:M 17 Jun 2024 17:36:13.160 # Redis is now ready to exit, bye bye...
1:C 19 Jun 2024 15:24:22.606 # oO0OoO0OoO0Oo Redis is starting oO0OoO0OoO0Oo
1:C 19 Jun 2024 15:24:22.607 # Redis version=7.0.12, bits=64, commit=00000000, modified=0, pid=1, just started
1:C 19 Jun 2024 15:24:22.610 # Configuration loaded
1:M 19 Jun 2024 15:24:22.615 * monotonic clock: POSIX clock_gettime
                _._                                                  
           _.-``__ ''-._                                             
      _.-``    `.  `_.  ''-._           Redis 7.0.12 (00000000/0) 64 bit
  .-`` .-```.  ```\/    _.,_ ''-._                                  
 (    '      ,       .-`  | `,    )     Running in standalone mode
 |`-._`-...-` __...-.``-._|'` _.-'|     Port: 6379
 |    `-._   `._    /     _.-'    |     PID: 1
  `-._    `-._  `-./  _.-'    _.-'                                   
 |`-._`-._    `-.__.-'    _.-'_.-'|                                  
 |    `-._`-._        _.-'_.-'    |           https://redis.io       
  `-._    `-._`-.__.-'_.-'    _.-'                                   
 |`-._`-._    `-.__.-'    _.-'_.-'|                                  
 |    `-._`-._        _.-'_.-'    |                                  
  `-._    `-._`-.__.-'_.-'    _.-'                                   
      `-._    `-.__.-'    _.-'                                       
          `-._        _.-'                                           
              `-.__.-'                                               

1:M 19 Jun 2024 15:24:22.621 # Server initialized
1:M 19 Jun 2024 15:24:22.634 * Reading RDB base file on AOF loading...
1:M 19 Jun 2024 15:24:22.637 * Loading RDB produced by version 7.0.12
1:M 19 Jun 2024 15:24:22.640 * RDB age 2870417 seconds
1:M 19 Jun 2024 15:24:22.682 * RDB memory usage when created 0.85 Mb
1:M 19 Jun 2024 15:24:22.732 * RDB is base AOF
1:M 19 Jun 2024 15:24:22.739 * Done loading RDB, keys loaded: 0, keys expired: 0.
1:M 19 Jun 2024 15:24:22.742 * DB loaded from base file appendonly.aof.1.base.rdb: 0.117 seconds
1:M 19 Jun 2024 15:24:22.744 * DB loaded from append only file: 0.119 seconds
1:M 19 Jun 2024 15:24:22.746 * Opening AOF incr file appendonly.aof.1.incr.aof on server start
1:M 19 Jun 2024 15:24:22.746 * Ready to accept connections
1:signal-handler (1718782440) Received SIGTERM scheduling shutdown...
1:M 19 Jun 2024 15:34:00.663 # User requested shutdown...
1:M 19 Jun 2024 15:34:00.663 * Calling fsync() on the AOF file.
1:M 19 Jun 2024 15:34:00.664 * Saving the final RDB snapshot before exiting.
1:M 19 Jun 2024 15:34:00.665 * DB saved on disk
1:M 19 Jun 2024 15:34:00.665 * Removing the pid file.
1:M 19 Jun 2024 15:34:00.665 # Redis is now ready to exit, bye bye...
1:C 19 Jun 2024 15:56:18.505 # oO0OoO0OoO0Oo Redis is starting oO0OoO0OoO0Oo
1:C 19 Jun 2024 15:56:18.505 # Redis version=7.0.12, bits=64, commit=00000000, modified=0, pid=1, just started
1:C 19 Jun 2024 15:56:18.506 # Configuration loaded
1:M 19 Jun 2024 15:56:18.507 * monotonic clock: POSIX clock_gettime
                _._                                                  
           _.-``__ ''-._                                             
      _.-``    `.  `_.  ''-._           Redis 7.0.12 (00000000/0) 64 bit
  .-`` .-```.  ```\/    _.,_ ''-._                                  
 (    '      ,       .-`  | `,    )     Running in standalone mode
 |`-._`-...-` __...-.``-._|'` _.-'|     Port: 6379
 |    `-._   `._    /     _.-'    |     PID: 1
  `-._    `-._  `-./  _.-'    _.-'                                   
 |`-._`-._    `-.__.-'    _.-'_.-'|                                  
 |    `-._`-._        _.-'_.-'    |           https://redis.io       
  `-._    `-._`-.__.-'_.-'    _.-'                                   
 |`-._`-._    `-.__.-'    _.-'_.-'|                                  
 |    `-._`-._        _.-'_.-'    |                                  
  `-._    `-._`-.__.-'_.-'    _.-'                                   
      `-._    `-.__.-'    _.-'                                       
          `-._        _.-'                                           
              `-.__.-'                                               

1:M 19 Jun 2024 15:56:18.510 # Server initialized
1:M 19 Jun 2024 15:56:18.516 * Reading RDB base file on AOF loading...
1:M 19 Jun 2024 15:56:18.517 * Loading RDB produced by version 7.0.12
1:M 19 Jun 2024 15:56:18.517 * RDB age 2872333 seconds
1:M 19 Jun 2024 15:56:18.518 * RDB memory usage when created 0.85 Mb
1:M 19 Jun 2024 15:56:18.518 * RDB is base AOF
1:M 19 Jun 2024 15:56:18.519 * Done loading RDB, keys loaded: 0, keys expired: 0.
1:M 19 Jun 2024 15:56:18.519 * DB loaded from base file appendonly.aof.1.base.rdb: 0.003 seconds
1:M 19 Jun 2024 15:56:18.520 * DB loaded from append only file: 0.004 seconds
1:M 19 Jun 2024 15:56:18.521 * Opening AOF incr file appendonly.aof.1.incr.aof on server start
1:M 19 Jun 2024 15:56:18.521 * Ready to accept connections
1:signal-handler (1718783830) Received SIGTERM scheduling shutdown...
1:M 19 Jun 2024 15:57:10.325 # User requested shutdown...
1:M 19 Jun 2024 15:57:10.326 * Calling fsync() on the AOF file.
1:M 19 Jun 2024 15:57:10.327 * Saving the final RDB snapshot before exiting.
1:M 19 Jun 2024 15:57:10.331 * DB saved on disk
1:M 19 Jun 2024 15:57:10.332 * Removing the pid file.
1:M 19 Jun 2024 15:57:10.333 # Redis is now ready to exit, bye bye...
1:C 19 Jun 2024 15:57:13.319 # oO0OoO0OoO0Oo Redis is starting oO0OoO0OoO0Oo
1:C 19 Jun 2024 15:57:13.319 # Redis version=7.0.12, bits=64, commit=00000000, modified=0, pid=1, just started
1:C 19 Jun 2024 15:57:13.319 # Configuration loaded
1:M 19 Jun 2024 15:57:13.320 * monotonic clock: POSIX clock_gettime
                _._                                                  
           _.-``__ ''-._                                             
      _.-``    `.  `_.  ''-._           Redis 7.0.12 (00000000/0) 64 bit
  .-`` .-```.  ```\/    _.,_ ''-._                                  
 (    '      ,       .-`  | `,    )     Running in standalone mode
 |`-._`-...-` __...-.``-._|'` _.-'|     Port: 6379
 |    `-._   `._    /     _.-'    |     PID: 1
  `-._    `-._  `-./  _.-'    _.-'                                   
 |`-._`-._    `-.__.-'    _.-'_.-'|                                  
 |    `-._`-._        _.-'_.-'    |           https://redis.io       
  `-._    `-._`-.__.-'_.-'    _.-'                                   
 |`-._`-._    `-.__.-'    _.-'_.-'|                                  
 |    `-._`-._        _.-'_.-'    |                                  
  `-._    `-._`-.__.-'_.-'    _.-'                                   
      `-._    `-.__.-'    _.-'                                       
          `-._        _.-'                                           
              `-.__.-'                                               

1:M 19 Jun 2024 15:57:13.328 # Server initialized
1:M 19 Jun 2024 15:57:13.332 * Reading RDB base file on AOF loading...
1:M 19 Jun 2024 15:57:13.332 * Loading RDB produced by version 7.0.12
1:M 19 Jun 2024 15:57:13.333 * RDB age 2872388 seconds
1:M 19 Jun 2024 15:57:13.333 * RDB memory usage when created 0.85 Mb
1:M 19 Jun 2024 15:57:13.333 * RDB is base AOF
1:M 19 Jun 2024 15:57:13.334 * Done loading RDB, keys loaded: 0, keys expired: 0.
1:M 19 Jun 2024 15:57:13.334 * DB loaded from base file appendonly.aof.1.base.rdb: 0.003 seconds
1:M 19 Jun 2024 15:57:13.335 * DB loaded from append only file: 0.003 seconds
1:M 19 Jun 2024 15:57:13.335 * Opening AOF incr file appendonly.aof.1.incr.aof on server start
1:M 19 Jun 2024 15:57:13.335 * Ready to accept connections
1:signal-handler (1718783855) Received SIGTERM scheduling shutdown...
1:M 19 Jun 2024 15:57:35.569 # User requested shutdown...
1:M 19 Jun 2024 15:57:35.569 * Calling fsync() on the AOF file.
1:M 19 Jun 2024 15:57:35.570 * Saving the final RDB snapshot before exiting.
1:M 19 Jun 2024 15:57:35.571 * DB saved on disk
1:M 19 Jun 2024 15:57:35.571 * Removing the pid file.
1:M 19 Jun 2024 15:57:35.572 # Redis is now ready to exit, bye bye...
1:C 19 Jun 2024 17:33:00.009 # oO0OoO0OoO0Oo Redis is starting oO0OoO0OoO0Oo
1:C 19 Jun 2024 17:33:00.010 # Redis version=7.0.12, bits=64, commit=00000000, modified=0, pid=1, just started
1:C 19 Jun 2024 17:33:00.010 # Configuration loaded
1:M 19 Jun 2024 17:33:00.010 * monotonic clock: POSIX clock_gettime
                _._                                                  
           _.-``__ ''-._                                             
      _.-``    `.  `_.  ''-._           Redis 7.0.12 (00000000/0) 64 bit
  .-`` .-```.  ```\/    _.,_ ''-._                                  
 (    '      ,       .-`  | `,    )     Running in standalone mode
 |`-._`-...-` __...-.``-._|'` _.-'|     Port: 6379
 |    `-._   `._    /     _.-'    |     PID: 1
  `-._    `-._  `-./  _.-'    _.-'                                   
 |`-._`-._    `-.__.-'    _.-'_.-'|                                  
 |    `-._`-._        _.-'_.-'    |           https://redis.io       
  `-._    `-._`-.__.-'_.-'    _.-'                                   
 |`-._`-._    `-.__.-'    _.-'_.-'|                                  
 |    `-._`-._        _.-'_.-'    |                                  
  `-._    `-._`-.__.-'_.-'    _.-'                                   
      `-._    `-.__.-'    _.-'                                       
          `-._        _.-'                                           
              `-.__.-'                                               

1:M 19 Jun 2024 17:33:00.013 # Server initialized
1:M 19 Jun 2024 17:33:00.015 * Reading RDB base file on AOF loading...
1:M 19 Jun 2024 17:33:00.016 * Loading RDB produced by version 7.0.12
1:M 19 Jun 2024 17:33:00.017 * RDB age 2878135 seconds
1:M 19 Jun 2024 17:33:00.017 * RDB memory usage when created 0.85 Mb
1:M 19 Jun 2024 17:33:00.018 * RDB is base AOF
1:M 19 Jun 2024 17:33:00.018 * Done loading RDB, keys loaded: 0, keys expired: 0.
1:M 19 Jun 2024 17:33:00.018 * DB loaded from base file appendonly.aof.1.base.rdb: 0.003 seconds
1:M 19 Jun 2024 17:33:00.019 * DB loaded from append only file: 0.004 seconds
1:M 19 Jun 2024 17:33:00.019 * Opening AOF incr file appendonly.aof.1.incr.aof on server start
1:M 19 Jun 2024 17:33:00.019 * Ready to accept connections
1:signal-handler (1718789587) Received SIGTERM scheduling shutdown...
1:M 19 Jun 2024 17:33:07.731 # User requested shutdown...
1:M 19 Jun 2024 17:33:07.731 * Calling fsync() on the AOF file.
1:M 19 Jun 2024 17:33:07.732 * Saving the final RDB snapshot before exiting.
1:M 19 Jun 2024 17:33:07.739 * DB saved on disk
1:M 19 Jun 2024 17:33:07.740 * Removing the pid file.
1:M 19 Jun 2024 17:33:07.741 # Redis is now ready to exit, bye bye...
1:C 19 Jun 2024 17:40:48.046 # oO0OoO0OoO0Oo Redis is starting oO0OoO0OoO0Oo
1:C 19 Jun 2024 17:40:48.048 # Redis version=7.0.12, bits=64, commit=00000000, modified=0, pid=1, just started
1:C 19 Jun 2024 17:40:48.048 # Configuration loaded
1:M 19 Jun 2024 17:40:48.049 * monotonic clock: POSIX clock_gettime
                _._                                                  
           _.-``__ ''-._                                             
      _.-``    `.  `_.  ''-._           Redis 7.0.12 (00000000/0) 64 bit
  .-`` .-```.  ```\/    _.,_ ''-._                                  
 (    '      ,       .-`  | `,    )     Running in standalone mode
 |`-._`-...-` __...-.``-._|'` _.-'|     Port: 6379
 |    `-._   `._    /     _.-'    |     PID: 1
  `-._    `-._  `-./  _.-'    _.-'                                   
 |`-._`-._    `-.__.-'    _.-'_.-'|                                  
 |    `-._`-._        _.-'_.-'    |           https://redis.io       
  `-._    `-._`-.__.-'_.-'    _.-'                                   
 |`-._`-._    `-.__.-'    _.-'_.-'|                                  
 |    `-._`-._        _.-'_.-'    |                                  
  `-._    `-._`-.__.-'_.-'    _.-'                                   
      `-._    `-.__.-'    _.-'                                       
          `-._        _.-'                                           
              `-.__.-'                                               

1:M 19 Jun 2024 17:40:48.051 # Server initialized
1:M 19 Jun 2024 17:40:48.054 * Reading RDB base file on AOF loading...
1:M 19 Jun 2024 17:40:48.054 * Loading RDB produced by version 7.0.12
1:M 19 Jun 2024 17:40:48.054 * RDB age 2878603 seconds
1:M 19 Jun 2024 17:40:48.055 * RDB memory usage when created 0.85 Mb
1:M 19 Jun 2024 17:40:48.055 * RDB is base AOF
1:M 19 Jun 2024 17:40:48.055 * Done loading RDB, keys loaded: 0, keys expired: 0.
1:M 19 Jun 2024 17:40:48.056 * DB loaded from base file appendonly.aof.1.base.rdb: 0.002 seconds
1:M 19 Jun 2024 17:40:48.057 * DB loaded from append only file: 0.004 seconds
1:M 19 Jun 2024 17:40:48.061 * Opening AOF incr file appendonly.aof.1.incr.aof on server start
1:M 19 Jun 2024 17:40:48.061 * Ready to accept connections
1:signal-handler (1718790122) Received SIGTERM scheduling shutdown...
1:M 19 Jun 2024 17:42:02.404 # User requested shutdown...
1:M 19 Jun 2024 17:42:02.405 * Calling fsync() on the AOF file.
1:M 19 Jun 2024 17:42:02.405 * Saving the final RDB snapshot before exiting.
1:M 19 Jun 2024 17:42:02.406 * DB saved on disk
1:M 19 Jun 2024 17:42:02.406 * Removing the pid file.
1:M 19 Jun 2024 17:42:02.407 # Redis is now ready to exit, bye bye...
1:C 19 Jun 2024 17:45:43.888 # oO0OoO0OoO0Oo Redis is starting oO0OoO0OoO0Oo
1:C 19 Jun 2024 17:45:43.888 # Redis version=7.0.12, bits=64, commit=00000000, modified=0, pid=1, just started
1:C 19 Jun 2024 17:45:43.888 # Configuration loaded
1:M 19 Jun 2024 17:45:43.889 * monotonic clock: POSIX clock_gettime
                _._                                                  
           _.-``__ ''-._                                             
      _.-``    `.  `_.  ''-._           Redis 7.0.12 (00000000/0) 64 bit
  .-`` .-```.  ```\/    _.,_ ''-._                                  
 (    '      ,       .-`  | `,    )     Running in standalone mode
 |`-._`-...-` __...-.``-._|'` _.-'|     Port: 6379
 |    `-._   `._    /     _.-'    |     PID: 1
  `-._    `-._  `-./  _.-'    _.-'                                   
 |`-._`-._    `-.__.-'    _.-'_.-'|                                  
 |    `-._`-._        _.-'_.-'    |           https://redis.io       
  `-._    `-._`-.__.-'_.-'    _.-'                                   
 |`-._`-._    `-.__.-'    _.-'_.-'|                                  
 |    `-._`-._        _.-'_.-'    |                                  
  `-._    `-._`-.__.-'_.-'    _.-'                                   
      `-._    `-.__.-'    _.-'                                       
          `-._        _.-'                                           
              `-.__.-'                                               

1:M 19 Jun 2024 17:45:43.891 # Server initialized
1:M 19 Jun 2024 17:45:43.895 * Reading RDB base file on AOF loading...
1:M 19 Jun 2024 17:45:43.896 * Loading RDB produced by version 7.0.12
1:M 19 Jun 2024 17:45:43.896 * RDB age 2878898 seconds
1:M 19 Jun 2024 17:45:43.896 * RDB memory usage when created 0.85 Mb
1:M 19 Jun 2024 17:45:43.897 * RDB is base AOF
1:M 19 Jun 2024 17:45:43.897 * Done loading RDB, keys loaded: 0, keys expired: 0.
1:M 19 Jun 2024 17:45:43.898 * DB loaded from base file appendonly.aof.1.base.rdb: 0.003 seconds
1:M 19 Jun 2024 17:45:43.898 * DB loaded from append only file: 0.003 seconds
1:M 19 Jun 2024 17:45:43.898 * Opening AOF incr file appendonly.aof.1.incr.aof on server start
1:M 19 Jun 2024 17:45:43.899 * Ready to accept connections
1:signal-handler (1718790747) Received SIGTERM scheduling shutdown...
1:M 19 Jun 2024 17:52:27.664 # User requested shutdown...
1:M 19 Jun 2024 17:52:27.664 * Calling fsync() on the AOF file.
1:M 19 Jun 2024 17:52:27.664 * Saving the final RDB snapshot before exiting.
1:M 19 Jun 2024 17:52:27.665 * DB saved on disk
1:M 19 Jun 2024 17:52:27.666 * Removing the pid file.
1:M 19 Jun 2024 17:52:27.666 # Redis is now ready to exit, bye bye...
1:C 19 Jun 2024 17:52:35.538 # oO0OoO0OoO0Oo Redis is starting oO0OoO0OoO0Oo
1:C 19 Jun 2024 17:52:35.539 # Redis version=7.0.12, bits=64, commit=00000000, modified=0, pid=1, just started
1:C 19 Jun 2024 17:52:35.539 # Configuration loaded
1:M 19 Jun 2024 17:52:35.540 * monotonic clock: POSIX clock_gettime
                _._                                                  
           _.-``__ ''-._                                             
      _.-``    `.  `_.  ''-._           Redis 7.0.12 (00000000/0) 64 bit
  .-`` .-```.  ```\/    _.,_ ''-._                                  
 (    '      ,       .-`  | `,    )     Running in standalone mode
 |`-._`-...-` __...-.``-._|'` _.-'|     Port: 6379
 |    `-._   `._    /     _.-'    |     PID: 1
  `-._    `-._  `-./  _.-'    _.-'                                   
 |`-._`-._    `-.__.-'    _.-'_.-'|                                  
 |    `-._`-._        _.-'_.-'    |           https://redis.io       
  `-._    `-._`-.__.-'_.-'    _.-'                                   
 |`-._`-._    `-.__.-'    _.-'_.-'|                                  
 |    `-._`-._        _.-'_.-'    |                                  
  `-._    `-._`-.__.-'_.-'    _.-'                                   
      `-._    `-.__.-'    _.-'                                       
          `-._        _.-'                                           
              `-.__.-'                                               

1:M 19 Jun 2024 17:52:35.543 # Server initialized
1:M 19 Jun 2024 17:52:35.548 * Reading RDB base file on AOF loading...
1:M 19 Jun 2024 17:52:35.548 * Loading RDB produced by version 7.0.12
1:M 19 Jun 2024 17:52:35.549 * RDB age 2879310 seconds
1:M 19 Jun 2024 17:52:35.549 * RDB memory usage when created 0.85 Mb
1:M 19 Jun 2024 17:52:35.550 * RDB is base AOF
1:M 19 Jun 2024 17:52:35.550 * Done loading RDB, keys loaded: 0, keys expired: 0.
1:M 19 Jun 2024 17:52:35.551 * DB loaded from base file appendonly.aof.1.base.rdb: 0.003 seconds
1:M 19 Jun 2024 17:52:35.551 * DB loaded from append only file: 0.004 seconds
1:M 19 Jun 2024 17:52:35.552 * Opening AOF incr file appendonly.aof.1.incr.aof on server start
1:M 19 Jun 2024 17:52:35.552 * Ready to accept connections
1:signal-handler (1718790761) Received SIGTERM scheduling shutdown...
1:M 19 Jun 2024 17:52:41.024 # User requested shutdown...
1:M 19 Jun 2024 17:52:41.024 * Calling fsync() on the AOF file.
1:M 19 Jun 2024 17:52:41.025 * Saving the final RDB snapshot before exiting.
1:M 19 Jun 2024 17:52:41.026 * DB saved on disk
1:M 19 Jun 2024 17:52:41.026 * Removing the pid file.
1:M 19 Jun 2024 17:52:41.027 # Redis is now ready to exit, bye bye...
1:C 19 Jun 2024 17:56:34.383 # oO0OoO0OoO0Oo Redis is starting oO0OoO0OoO0Oo
1:C 19 Jun 2024 17:56:34.383 # Redis version=7.0.12, bits=64, commit=00000000, modified=0, pid=1, just started
1:C 19 Jun 2024 17:56:34.383 # Configuration loaded
1:M 19 Jun 2024 17:56:34.384 * monotonic clock: POSIX clock_gettime
                _._                                                  
           _.-``__ ''-._                                             
      _.-``    `.  `_.  ''-._           Redis 7.0.12 (00000000/0) 64 bit
  .-`` .-```.  ```\/    _.,_ ''-._                                  
 (    '      ,       .-`  | `,    )     Running in standalone mode
 |`-._`-...-` __...-.``-._|'` _.-'|     Port: 6379
 |    `-._   `._    /     _.-'    |     PID: 1
  `-._    `-._  `-./  _.-'    _.-'                                   
 |`-._`-._    `-.__.-'    _.-'_.-'|                                  
 |    `-._`-._        _.-'_.-'    |           https://redis.io       
  `-._    `-._`-.__.-'_.-'    _.-'                                   
 |`-._`-._    `-.__.-'    _.-'_.-'|                                  
 |    `-._`-._        _.-'_.-'    |                                  
  `-._    `-._`-.__.-'_.-'    _.-'                                   
      `-._    `-.__.-'    _.-'                                       
          `-._        _.-'                                           
              `-.__.-'                                               

1:M 19 Jun 2024 17:56:34.386 # Server initialized
1:M 19 Jun 2024 17:56:34.389 * Reading RDB base file on AOF loading...
1:M 19 Jun 2024 17:56:34.389 * Loading RDB produced by version 7.0.12
1:M 19 Jun 2024 17:56:34.390 * RDB age 2879549 seconds
1:M 19 Jun 2024 17:56:34.390 * RDB memory usage when created 0.85 Mb
1:M 19 Jun 2024 17:56:34.390 * RDB is base AOF
1:M 19 Jun 2024 17:56:34.391 * Done loading RDB, keys loaded: 0, keys expired: 0.
1:M 19 Jun 2024 17:56:34.391 * DB loaded from base file appendonly.aof.1.base.rdb: 0.002 seconds
1:M 19 Jun 2024 17:56:34.392 * DB loaded from append only file: 0.003 seconds
1:M 19 Jun 2024 17:56:34.392 * Opening AOF incr file appendonly.aof.1.incr.aof on server start
1:M 19 Jun 2024 17:56:34.393 * Ready to accept connections
1:signal-handler (1718791049) Received SIGTERM scheduling shutdown...
1:M 19 Jun 2024 17:57:29.736 # User requested shutdown...
1:M 19 Jun 2024 17:57:29.737 * Calling fsync() on the AOF file.
1:M 19 Jun 2024 17:57:29.737 * Saving the final RDB snapshot before exiting.
1:M 19 Jun 2024 17:57:29.738 * DB saved on disk
1:M 19 Jun 2024 17:57:29.739 * Removing the pid file.
1:M 19 Jun 2024 17:57:29.739 # Redis is now ready to exit, bye bye...
1:C 20 Jun 2024 09:41:44.581 # oO0OoO0OoO0Oo Redis is starting oO0OoO0OoO0Oo
1:C 20 Jun 2024 09:41:44.582 # Redis version=7.0.12, bits=64, commit=00000000, modified=0, pid=1, just started
1:C 20 Jun 2024 09:41:44.583 # Configuration loaded
1:M 20 Jun 2024 09:41:44.583 * monotonic clock: POSIX clock_gettime
                _._                                                  
           _.-``__ ''-._                                             
      _.-``    `.  `_.  ''-._           Redis 7.0.12 (00000000/0) 64 bit
  .-`` .-```.  ```\/    _.,_ ''-._                                  
 (    '      ,       .-`  | `,    )     Running in standalone mode
 |`-._`-...-` __...-.``-._|'` _.-'|     Port: 6379
 |    `-._   `._    /     _.-'    |     PID: 1
  `-._    `-._  `-./  _.-'    _.-'                                   
 |`-._`-._    `-.__.-'    _.-'_.-'|                                  
 |    `-._`-._        _.-'_.-'    |           https://redis.io       
  `-._    `-._`-.__.-'_.-'    _.-'                                   
 |`-._`-._    `-.__.-'    _.-'_.-'|                                  
 |    `-._`-._        _.-'_.-'    |                                  
  `-._    `-._`-.__.-'_.-'    _.-'                                   
      `-._    `-.__.-'    _.-'                                       
          `-._        _.-'                                           
              `-.__.-'                                               

1:M 20 Jun 2024 09:41:44.587 # Server initialized
1:M 20 Jun 2024 09:41:44.592 * Reading RDB base file on AOF loading...
1:M 20 Jun 2024 09:41:44.592 * Loading RDB produced by version 7.0.12
1:M 20 Jun 2024 09:41:44.592 * RDB age 2936259 seconds
1:M 20 Jun 2024 09:41:44.592 * RDB memory usage when created 0.85 Mb
1:M 20 Jun 2024 09:41:44.593 * RDB is base AOF
1:M 20 Jun 2024 09:41:44.593 * Done loading RDB, keys loaded: 0, keys expired: 0.
1:M 20 Jun 2024 09:41:44.594 * DB loaded from base file appendonly.aof.1.base.rdb: 0.002 seconds
1:M 20 Jun 2024 09:41:44.594 * DB loaded from append only file: 0.003 seconds
1:M 20 Jun 2024 09:41:44.595 * Opening AOF incr file appendonly.aof.1.incr.aof on server start
1:M 20 Jun 2024 09:41:44.595 * Ready to accept connections
1:signal-handler (1718847779) Received SIGTERM scheduling shutdown...
1:M 20 Jun 2024 09:42:59.754 # User requested shutdown...
1:M 20 Jun 2024 09:42:59.754 * Calling fsync() on the AOF file.
1:M 20 Jun 2024 09:42:59.755 * Saving the final RDB snapshot before exiting.
1:M 20 Jun 2024 09:42:59.756 * DB saved on disk
1:M 20 Jun 2024 09:42:59.756 * Removing the pid file.
1:M 20 Jun 2024 09:42:59.757 # Redis is now ready to exit, bye bye...
1:C 20 Jun 2024 09:52:59.941 # oO0OoO0OoO0Oo Redis is starting oO0OoO0OoO0Oo
1:C 20 Jun 2024 09:52:59.945 # Redis version=7.0.12, bits=64, commit=00000000, modified=0, pid=1, just started
1:C 20 Jun 2024 09:52:59.946 # Configuration loaded
1:M 20 Jun 2024 09:52:59.946 * monotonic clock: POSIX clock_gettime
                _._                                                  
           _.-``__ ''-._                                             
      _.-``    `.  `_.  ''-._           Redis 7.0.12 (00000000/0) 64 bit
  .-`` .-```.  ```\/    _.,_ ''-._                                  
 (    '      ,       .-`  | `,    )     Running in standalone mode
 |`-._`-...-` __...-.``-._|'` _.-'|     Port: 6379
 |    `-._   `._    /     _.-'    |     PID: 1
  `-._    `-._  `-./  _.-'    _.-'                                   
 |`-._`-._    `-.__.-'    _.-'_.-'|                                  
 |    `-._`-._        _.-'_.-'    |           https://redis.io       
  `-._    `-._`-.__.-'_.-'    _.-'                                   
 |`-._`-._    `-.__.-'    _.-'_.-'|                                  
 |    `-._`-._        _.-'_.-'    |                                  
  `-._    `-._`-.__.-'_.-'    _.-'                                   
      `-._    `-.__.-'    _.-'                                       
          `-._        _.-'                                           
              `-.__.-'                                               

1:M 20 Jun 2024 09:52:59.952 # Server initialized
1:M 20 Jun 2024 09:52:59.954 * Reading RDB base file on AOF loading...
1:M 20 Jun 2024 09:52:59.955 * Loading RDB produced by version 7.0.12
1:M 20 Jun 2024 09:52:59.956 * RDB age 2936934 seconds
1:M 20 Jun 2024 09:52:59.956 * RDB memory usage when created 0.85 Mb
1:M 20 Jun 2024 09:52:59.957 * RDB is base AOF
1:M 20 Jun 2024 09:52:59.957 * Done loading RDB, keys loaded: 0, keys expired: 0.
1:M 20 Jun 2024 09:52:59.958 * DB loaded from base file appendonly.aof.1.base.rdb: 0.004 seconds
1:M 20 Jun 2024 09:52:59.959 * DB loaded from append only file: 0.004 seconds
1:M 20 Jun 2024 09:52:59.959 * Opening AOF incr file appendonly.aof.1.incr.aof on server start
1:M 20 Jun 2024 09:52:59.960 * Ready to accept connections
1:signal-handler (1718848468) Received SIGTERM scheduling shutdown...
1:M 20 Jun 2024 09:54:28.381 # User requested shutdown...
1:M 20 Jun 2024 09:54:28.381 * Calling fsync() on the AOF file.
1:M 20 Jun 2024 09:54:28.381 * Saving the final RDB snapshot before exiting.
1:M 20 Jun 2024 09:54:28.382 * DB saved on disk
1:M 20 Jun 2024 09:54:28.383 * Removing the pid file.
1:M 20 Jun 2024 09:54:28.383 # Redis is now ready to exit, bye bye...
1:C 20 Jun 2024 09:54:31.529 # oO0OoO0OoO0Oo Redis is starting oO0OoO0OoO0Oo
1:C 20 Jun 2024 09:54:31.529 # Redis version=7.0.12, bits=64, commit=00000000, modified=0, pid=1, just started
1:C 20 Jun 2024 09:54:31.530 # Configuration loaded
1:M 20 Jun 2024 09:54:31.531 * monotonic clock: POSIX clock_gettime
                _._                                                  
           _.-``__ ''-._                                             
      _.-``    `.  `_.  ''-._           Redis 7.0.12 (00000000/0) 64 bit
  .-`` .-```.  ```\/    _.,_ ''-._                                  
 (    '      ,       .-`  | `,    )     Running in standalone mode
 |`-._`-...-` __...-.``-._|'` _.-'|     Port: 6379
 |    `-._   `._    /     _.-'    |     PID: 1
  `-._    `-._  `-./  _.-'    _.-'                                   
 |`-._`-._    `-.__.-'    _.-'_.-'|                                  
 |    `-._`-._        _.-'_.-'    |           https://redis.io       
  `-._    `-._`-.__.-'_.-'    _.-'                                   
 |`-._`-._    `-.__.-'    _.-'_.-'|                                  
 |    `-._`-._        _.-'_.-'    |                                  
  `-._    `-._`-.__.-'_.-'    _.-'                                   
      `-._    `-.__.-'    _.-'                                       
          `-._        _.-'                                           
              `-.__.-'                                               

1:M 20 Jun 2024 09:54:31.534 # Server initialized
1:M 20 Jun 2024 09:54:31.538 * Reading RDB base file on AOF loading...
1:M 20 Jun 2024 09:54:31.539 * Loading RDB produced by version 7.0.12
1:M 20 Jun 2024 09:54:31.539 * RDB age 2937026 seconds
1:M 20 Jun 2024 09:54:31.539 * RDB memory usage when created 0.85 Mb
1:M 20 Jun 2024 09:54:31.542 * RDB is base AOF
1:M 20 Jun 2024 09:54:31.543 * Done loading RDB, keys loaded: 0, keys expired: 0.
1:M 20 Jun 2024 09:54:31.544 * DB loaded from base file appendonly.aof.1.base.rdb: 0.006 seconds
1:M 20 Jun 2024 09:54:31.545 * DB loaded from append only file: 0.007 seconds
1:M 20 Jun 2024 09:54:31.546 * Opening AOF incr file appendonly.aof.1.incr.aof on server start
1:M 20 Jun 2024 09:54:31.546 * Ready to accept connections
1:signal-handler (1718848722) Received SIGTERM scheduling shutdown...
1:M 20 Jun 2024 09:58:42.130 # User requested shutdown...
1:M 20 Jun 2024 09:58:42.131 * Calling fsync() on the AOF file.
1:M 20 Jun 2024 09:58:42.131 * Saving the final RDB snapshot before exiting.
1:M 20 Jun 2024 09:58:42.132 * DB saved on disk
1:M 20 Jun 2024 09:58:42.133 * Removing the pid file.
1:M 20 Jun 2024 09:58:42.133 # Redis is now ready to exit, bye bye...
1:C 20 Jun 2024 09:58:44.527 # oO0OoO0OoO0Oo Redis is starting oO0OoO0OoO0Oo
1:C 20 Jun 2024 09:58:44.527 # Redis version=7.0.12, bits=64, commit=00000000, modified=0, pid=1, just started
1:C 20 Jun 2024 09:58:44.527 # Configuration loaded
1:M 20 Jun 2024 09:58:44.528 * monotonic clock: POSIX clock_gettime
                _._                                                  
           _.-``__ ''-._                                             
      _.-``    `.  `_.  ''-._           Redis 7.0.12 (00000000/0) 64 bit
  .-`` .-```.  ```\/    _.,_ ''-._                                  
 (    '      ,       .-`  | `,    )     Running in standalone mode
 |`-._`-...-` __...-.``-._|'` _.-'|     Port: 6379
 |    `-._   `._    /     _.-'    |     PID: 1
  `-._    `-._  `-./  _.-'    _.-'                                   
 |`-._`-._    `-.__.-'    _.-'_.-'|                                  
 |    `-._`-._        _.-'_.-'    |           https://redis.io       
  `-._    `-._`-.__.-'_.-'    _.-'                                   
 |`-._`-._    `-.__.-'    _.-'_.-'|                                  
 |    `-._`-._        _.-'_.-'    |                                  
  `-._    `-._`-.__.-'_.-'    _.-'                                   
      `-._    `-.__.-'    _.-'                                       
          `-._        _.-'                                           
              `-.__.-'                                               

1:M 20 Jun 2024 09:58:44.532 # Server initialized
1:M 20 Jun 2024 09:58:44.536 * Reading RDB base file on AOF loading...
1:M 20 Jun 2024 09:58:44.536 * Loading RDB produced by version 7.0.12
1:M 20 Jun 2024 09:58:44.536 * RDB age 2937279 seconds
1:M 20 Jun 2024 09:58:44.537 * RDB memory usage when created 0.85 Mb
1:M 20 Jun 2024 09:58:44.537 * RDB is base AOF
1:M 20 Jun 2024 09:58:44.538 * Done loading RDB, keys loaded: 0, keys expired: 0.
1:M 20 Jun 2024 09:58:44.538 * DB loaded from base file appendonly.aof.1.base.rdb: 0.003 seconds
1:M 20 Jun 2024 09:58:44.539 * DB loaded from append only file: 0.003 seconds
1:M 20 Jun 2024 09:58:44.540 * Opening AOF incr file appendonly.aof.1.incr.aof on server start
1:M 20 Jun 2024 09:58:44.540 * Ready to accept connections
1:signal-handler (1718848762) Received SIGTERM scheduling shutdown...
1:M 20 Jun 2024 09:59:22.633 # User requested shutdown...
1:M 20 Jun 2024 09:59:22.633 * Calling fsync() on the AOF file.
1:M 20 Jun 2024 09:59:22.634 * Saving the final RDB snapshot before exiting.
1:M 20 Jun 2024 09:59:22.635 * DB saved on disk
1:M 20 Jun 2024 09:59:22.635 * Removing the pid file.
1:M 20 Jun 2024 09:59:22.635 # Redis is now ready to exit, bye bye...
1:C 20 Jun 2024 09:59:25.616 # oO0OoO0OoO0Oo Redis is starting oO0OoO0OoO0Oo
1:C 20 Jun 2024 09:59:25.616 # Redis version=7.0.12, bits=64, commit=00000000, modified=0, pid=1, just started
1:C 20 Jun 2024 09:59:25.617 # Configuration loaded
1:M 20 Jun 2024 09:59:25.618 * monotonic clock: POSIX clock_gettime
                _._                                                  
           _.-``__ ''-._                                             
      _.-``    `.  `_.  ''-._           Redis 7.0.12 (00000000/0) 64 bit
  .-`` .-```.  ```\/    _.,_ ''-._                                  
 (    '      ,       .-`  | `,    )     Running in standalone mode
 |`-._`-...-` __...-.``-._|'` _.-'|     Port: 6379
 |    `-._   `._    /     _.-'    |     PID: 1
  `-._    `-._  `-./  _.-'    _.-'                                   
 |`-._`-._    `-.__.-'    _.-'_.-'|                                  
 |    `-._`-._        _.-'_.-'    |           https://redis.io       
  `-._    `-._`-.__.-'_.-'    _.-'                                   
 |`-._`-._    `-.__.-'    _.-'_.-'|                                  
 |    `-._`-._        _.-'_.-'    |                                  
  `-._    `-._`-.__.-'_.-'    _.-'                                   
      `-._    `-.__.-'    _.-'                                       
          `-._        _.-'                                           
              `-.__.-'                                               

1:M 20 Jun 2024 09:59:25.621 # Server initialized
1:M 20 Jun 2024 09:59:25.626 * Reading RDB base file on AOF loading...
1:M 20 Jun 2024 09:59:25.627 * Loading RDB produced by version 7.0.12
1:M 20 Jun 2024 09:59:25.628 * RDB age 2937320 seconds
1:M 20 Jun 2024 09:59:25.628 * RDB memory usage when created 0.85 Mb
1:M 20 Jun 2024 09:59:25.629 * RDB is base AOF
1:M 20 Jun 2024 09:59:25.629 * Done loading RDB, keys loaded: 0, keys expired: 0.
1:M 20 Jun 2024 09:59:25.629 * DB loaded from base file appendonly.aof.1.base.rdb: 0.004 seconds
1:M 20 Jun 2024 09:59:25.630 * DB loaded from append only file: 0.004 seconds
1:M 20 Jun 2024 09:59:25.630 * Opening AOF incr file appendonly.aof.1.incr.aof on server start
1:M 20 Jun 2024 09:59:25.630 * Ready to accept connections
1:signal-handler (1718849188) Received SIGTERM scheduling shutdown...
1:M 20 Jun 2024 10:06:28.869 # User requested shutdown...
1:M 20 Jun 2024 10:06:28.870 * Calling fsync() on the AOF file.
1:M 20 Jun 2024 10:06:28.870 * Saving the final RDB snapshot before exiting.
1:M 20 Jun 2024 10:06:28.871 * DB saved on disk
1:M 20 Jun 2024 10:06:28.871 * Removing the pid file.
1:M 20 Jun 2024 10:06:28.872 # Redis is now ready to exit, bye bye...
1:C 20 Jun 2024 10:06:32.077 # oO0OoO0OoO0Oo Redis is starting oO0OoO0OoO0Oo
1:C 20 Jun 2024 10:06:32.078 # Redis version=7.0.12, bits=64, commit=00000000, modified=0, pid=1, just started
1:C 20 Jun 2024 10:06:32.080 # Configuration loaded
1:M 20 Jun 2024 10:06:32.081 * monotonic clock: POSIX clock_gettime
                _._                                                  
           _.-``__ ''-._                                             
      _.-``    `.  `_.  ''-._           Redis 7.0.12 (00000000/0) 64 bit
  .-`` .-```.  ```\/    _.,_ ''-._                                  
 (    '      ,       .-`  | `,    )     Running in standalone mode
 |`-._`-...-` __...-.``-._|'` _.-'|     Port: 6379
 |    `-._   `._    /     _.-'    |     PID: 1
  `-._    `-._  `-./  _.-'    _.-'                                   
 |`-._`-._    `-.__.-'    _.-'_.-'|                                  
 |    `-._`-._        _.-'_.-'    |           https://redis.io       
  `-._    `-._`-.__.-'_.-'    _.-'                                   
 |`-._`-._    `-.__.-'    _.-'_.-'|                                  
 |    `-._`-._        _.-'_.-'    |                                  
  `-._    `-._`-.__.-'_.-'    _.-'                                   
      `-._    `-.__.-'    _.-'                                       
          `-._        _.-'                                           
              `-.__.-'                                               

1:M 20 Jun 2024 10:06:32.084 # Server initialized
1:M 20 Jun 2024 10:06:32.087 * Reading RDB base file on AOF loading...
1:M 20 Jun 2024 10:06:32.087 * Loading RDB produced by version 7.0.12
1:M 20 Jun 2024 10:06:32.088 * RDB age 2937747 seconds
1:M 20 Jun 2024 10:06:32.088 * RDB memory usage when created 0.85 Mb
1:M 20 Jun 2024 10:06:32.088 * RDB is base AOF
1:M 20 Jun 2024 10:06:32.088 * Done loading RDB, keys loaded: 0, keys expired: 0.
1:M 20 Jun 2024 10:06:32.089 * DB loaded from base file appendonly.aof.1.base.rdb: 0.002 seconds
1:M 20 Jun 2024 10:06:32.089 * DB loaded from append only file: 0.003 seconds
1:M 20 Jun 2024 10:06:32.090 * Opening AOF incr file appendonly.aof.1.incr.aof on server start
1:M 20 Jun 2024 10:06:32.090 * Ready to accept connections
1:signal-handler (1718849267) Received SIGTERM scheduling shutdown...
1:M 20 Jun 2024 10:07:47.116 # User requested shutdown...
1:M 20 Jun 2024 10:07:47.116 * Calling fsync() on the AOF file.
1:M 20 Jun 2024 10:07:47.116 * Saving the final RDB snapshot before exiting.
1:M 20 Jun 2024 10:07:47.117 * DB saved on disk
1:M 20 Jun 2024 10:07:47.117 * Removing the pid file.
1:M 20 Jun 2024 10:07:47.117 # Redis is now ready to exit, bye bye...
1:C 20 Jun 2024 10:07:49.583 # oO0OoO0OoO0Oo Redis is starting oO0OoO0OoO0Oo
1:C 20 Jun 2024 10:07:49.584 # Redis version=7.0.12, bits=64, commit=00000000, modified=0, pid=1, just started
1:C 20 Jun 2024 10:07:49.585 # Configuration loaded
1:M 20 Jun 2024 10:07:49.587 * monotonic clock: POSIX clock_gettime
                _._                                                  
           _.-``__ ''-._                                             
      _.-``    `.  `_.  ''-._           Redis 7.0.12 (00000000/0) 64 bit
  .-`` .-```.  ```\/    _.,_ ''-._                                  
 (    '      ,       .-`  | `,    )     Running in standalone mode
 |`-._`-...-` __...-.``-._|'` _.-'|     Port: 6379
 |    `-._   `._    /     _.-'    |     PID: 1
  `-._    `-._  `-./  _.-'    _.-'                                   
 |`-._`-._    `-.__.-'    _.-'_.-'|                                  
 |    `-._`-._        _.-'_.-'    |           https://redis.io       
  `-._    `-._`-.__.-'_.-'    _.-'                                   
 |`-._`-._    `-.__.-'    _.-'_.-'|                                  
 |    `-._`-._        _.-'_.-'    |                                  
  `-._    `-._`-.__.-'_.-'    _.-'                                   
      `-._    `-.__.-'    _.-'                                       
          `-._        _.-'                                           
              `-.__.-'                                               

1:M 20 Jun 2024 10:07:49.589 # Server initialized
1:M 20 Jun 2024 10:07:49.592 * Reading RDB base file on AOF loading...
1:M 20 Jun 2024 10:07:49.593 * Loading RDB produced by version 7.0.12
1:M 20 Jun 2024 10:07:49.594 * RDB age 2937824 seconds
1:M 20 Jun 2024 10:07:49.595 * RDB memory usage when created 0.85 Mb
1:M 20 Jun 2024 10:07:49.595 * RDB is base AOF
1:M 20 Jun 2024 10:07:49.596 * Done loading RDB, keys loaded: 0, keys expired: 0.
1:M 20 Jun 2024 10:07:49.596 * DB loaded from base file appendonly.aof.1.base.rdb: 0.004 seconds
1:M 20 Jun 2024 10:07:49.597 * DB loaded from append only file: 0.005 seconds
1:M 20 Jun 2024 10:07:49.598 * Opening AOF incr file appendonly.aof.1.incr.aof on server start
1:M 20 Jun 2024 10:07:49.598 * Ready to accept connections
1:signal-handler (1718849284) Received SIGTERM scheduling shutdown...
1:M 20 Jun 2024 10:08:04.111 # User requested shutdown...
1:M 20 Jun 2024 10:08:04.111 * Calling fsync() on the AOF file.
1:M 20 Jun 2024 10:08:04.112 * Saving the final RDB snapshot before exiting.
1:M 20 Jun 2024 10:08:04.113 * DB saved on disk
1:M 20 Jun 2024 10:08:04.113 * Removing the pid file.
1:M 20 Jun 2024 10:08:04.113 # Redis is now ready to exit, bye bye...
1:C 20 Jun 2024 10:13:39.363 # oO0OoO0OoO0Oo Redis is starting oO0OoO0OoO0Oo
1:C 20 Jun 2024 10:13:39.363 # Redis version=7.0.12, bits=64, commit=00000000, modified=0, pid=1, just started
1:C 20 Jun 2024 10:13:39.364 # Configuration loaded
1:M 20 Jun 2024 10:13:39.364 * monotonic clock: POSIX clock_gettime
                _._                                                  
           _.-``__ ''-._                                             
      _.-``    `.  `_.  ''-._           Redis 7.0.12 (00000000/0) 64 bit
  .-`` .-```.  ```\/    _.,_ ''-._                                  
 (    '      ,       .-`  | `,    )     Running in standalone mode
 |`-._`-...-` __...-.``-._|'` _.-'|     Port: 6379
 |    `-._   `._    /     _.-'    |     PID: 1
  `-._    `-._  `-./  _.-'    _.-'                                   
 |`-._`-._    `-.__.-'    _.-'_.-'|                                  
 |    `-._`-._        _.-'_.-'    |           https://redis.io       
  `-._    `-._`-.__.-'_.-'    _.-'                                   
 |`-._`-._    `-.__.-'    _.-'_.-'|                                  
 |    `-._`-._        _.-'_.-'    |                                  
  `-._    `-._`-.__.-'_.-'    _.-'                                   
      `-._    `-.__.-'    _.-'                                       
          `-._        _.-'                                           
              `-.__.-'                                               

1:M 20 Jun 2024 10:13:39.367 # Server initialized
1:M 20 Jun 2024 10:13:39.372 * Reading RDB base file on AOF loading...
1:M 20 Jun 2024 10:13:39.372 * Loading RDB produced by version 7.0.12
1:M 20 Jun 2024 10:13:39.373 * RDB age 2938174 seconds
1:M 20 Jun 2024 10:13:39.373 * RDB memory usage when created 0.85 Mb
1:M 20 Jun 2024 10:13:39.373 * RDB is base AOF
1:M 20 Jun 2024 10:13:39.374 * Done loading RDB, keys loaded: 0, keys expired: 0.
1:M 20 Jun 2024 10:13:39.374 * DB loaded from base file appendonly.aof.1.base.rdb: 0.003 seconds
1:M 20 Jun 2024 10:13:39.375 * DB loaded from append only file: 0.004 seconds
1:M 20 Jun 2024 10:13:39.376 * Opening AOF incr file appendonly.aof.1.incr.aof on server start
1:M 20 Jun 2024 10:13:39.376 * Ready to accept connections
1:signal-handler (1718850059) Received SIGTERM scheduling shutdown...
1:M 20 Jun 2024 10:20:59.532 # User requested shutdown...
1:M 20 Jun 2024 10:20:59.533 * Calling fsync() on the AOF file.
1:M 20 Jun 2024 10:20:59.533 * Saving the final RDB snapshot before exiting.
1:M 20 Jun 2024 10:20:59.534 * DB saved on disk
1:M 20 Jun 2024 10:20:59.535 * Removing the pid file.
1:M 20 Jun 2024 10:20:59.535 # Redis is now ready to exit, bye bye...
1:C 21 Jun 2024 09:40:43.348 # oO0OoO0OoO0Oo Redis is starting oO0OoO0OoO0Oo
1:C 21 Jun 2024 09:40:43.348 # Redis version=7.0.12, bits=64, commit=00000000, modified=0, pid=1, just started
1:C 21 Jun 2024 09:40:43.349 # Configuration loaded
1:M 21 Jun 2024 09:40:43.350 * monotonic clock: POSIX clock_gettime
                _._                                                  
           _.-``__ ''-._                                             
      _.-``    `.  `_.  ''-._           Redis 7.0.12 (00000000/0) 64 bit
  .-`` .-```.  ```\/    _.,_ ''-._                                  
 (    '      ,       .-`  | `,    )     Running in standalone mode
 |`-._`-...-` __...-.``-._|'` _.-'|     Port: 6379
 |    `-._   `._    /     _.-'    |     PID: 1
  `-._    `-._  `-./  _.-'    _.-'                                   
 |`-._`-._    `-.__.-'    _.-'_.-'|                                  
 |    `-._`-._        _.-'_.-'    |           https://redis.io       
  `-._    `-._`-.__.-'_.-'    _.-'                                   
 |`-._`-._    `-.__.-'    _.-'_.-'|                                  
 |    `-._`-._        _.-'_.-'    |                                  
  `-._    `-._`-.__.-'_.-'    _.-'                                   
      `-._    `-.__.-'    _.-'                                       
          `-._        _.-'                                           
              `-.__.-'                                               

1:M 21 Jun 2024 09:40:43.352 # Server initialized
1:M 21 Jun 2024 09:40:43.355 * Reading RDB base file on AOF loading...
1:M 21 Jun 2024 09:40:43.356 * Loading RDB produced by version 7.0.12
1:M 21 Jun 2024 09:40:43.357 * RDB age 3022598 seconds
1:M 21 Jun 2024 09:40:43.357 * RDB memory usage when created 0.85 Mb
1:M 21 Jun 2024 09:40:43.357 * RDB is base AOF
1:M 21 Jun 2024 09:40:43.358 * Done loading RDB, keys loaded: 0, keys expired: 0.
1:M 21 Jun 2024 09:40:43.358 * DB loaded from base file appendonly.aof.1.base.rdb: 0.004 seconds
1:M 21 Jun 2024 09:40:43.359 * DB loaded from append only file: 0.004 seconds
1:M 21 Jun 2024 09:40:43.360 * Opening AOF incr file appendonly.aof.1.incr.aof on server start
1:M 21 Jun 2024 09:40:43.361 * Ready to accept connections
1:signal-handler (1718934058) Received SIGTERM scheduling shutdown...
1:M 21 Jun 2024 09:40:58.884 # User requested shutdown...
1:M 21 Jun 2024 09:40:58.884 * Calling fsync() on the AOF file.
1:M 21 Jun 2024 09:40:58.885 * Saving the final RDB snapshot before exiting.
1:M 21 Jun 2024 09:40:58.887 * DB saved on disk
1:M 21 Jun 2024 09:40:58.887 * Removing the pid file.
1:M 21 Jun 2024 09:40:58.887 # Redis is now ready to exit, bye bye...
1:C 21 Jun 2024 10:18:00.012 # oO0OoO0OoO0Oo Redis is starting oO0OoO0OoO0Oo
1:C 21 Jun 2024 10:18:00.012 # Redis version=7.0.12, bits=64, commit=00000000, modified=0, pid=1, just started
1:C 21 Jun 2024 10:18:00.013 # Configuration loaded
1:M 21 Jun 2024 10:18:00.014 * monotonic clock: POSIX clock_gettime
                _._                                                  
           _.-``__ ''-._                                             
      _.-``    `.  `_.  ''-._           Redis 7.0.12 (00000000/0) 64 bit
  .-`` .-```.  ```\/    _.,_ ''-._                                  
 (    '      ,       .-`  | `,    )     Running in standalone mode
 |`-._`-...-` __...-.``-._|'` _.-'|     Port: 6379
 |    `-._   `._    /     _.-'    |     PID: 1
  `-._    `-._  `-./  _.-'    _.-'                                   
 |`-._`-._    `-.__.-'    _.-'_.-'|                                  
 |    `-._`-._        _.-'_.-'    |           https://redis.io       
  `-._    `-._`-.__.-'_.-'    _.-'                                   
 |`-._`-._    `-.__.-'    _.-'_.-'|                                  
 |    `-._`-._        _.-'_.-'    |                                  
  `-._    `-._`-.__.-'_.-'    _.-'                                   
      `-._    `-.__.-'    _.-'                                       
          `-._        _.-'                                           
              `-.__.-'                                               

1:M 21 Jun 2024 10:18:00.016 # Server initialized
1:M 21 Jun 2024 10:18:00.022 * Reading RDB base file on AOF loading...
1:M 21 Jun 2024 10:18:00.023 * Loading RDB produced by version 7.0.12
1:M 21 Jun 2024 10:18:00.024 * RDB age 3024835 seconds
1:M 21 Jun 2024 10:18:00.024 * RDB memory usage when created 0.85 Mb
1:M 21 Jun 2024 10:18:00.025 * RDB is base AOF
1:M 21 Jun 2024 10:18:00.025 * Done loading RDB, keys loaded: 0, keys expired: 0.
1:M 21 Jun 2024 10:18:00.025 * DB loaded from base file appendonly.aof.1.base.rdb: 0.003 seconds
1:M 21 Jun 2024 10:18:00.026 * DB loaded from append only file: 0.004 seconds
1:M 21 Jun 2024 10:18:00.026 * Opening AOF incr file appendonly.aof.1.incr.aof on server start
1:M 21 Jun 2024 10:18:00.027 * Ready to accept connections
1:signal-handler (1718936821) Received SIGTERM scheduling shutdown...
1:M 21 Jun 2024 10:27:01.169 # User requested shutdown...
1:M 21 Jun 2024 10:27:01.169 * Calling fsync() on the AOF file.
1:M 21 Jun 2024 10:27:01.170 * Saving the final RDB snapshot before exiting.
1:M 21 Jun 2024 10:27:01.172 * DB saved on disk
1:M 21 Jun 2024 10:27:01.172 * Removing the pid file.
1:M 21 Jun 2024 10:27:01.172 # Redis is now ready to exit, bye bye...
