20-Jan-2025 16:26:11.628 WARNING [main] org.apache.tomcat.util.digester.SetPropertiesRule.begin Match [Server/Service/Engine/Host] failed to set property [reloadable] to [true]
20-Jan-2025 16:26:11.640 INFO [main] org.apache.catalina.startup.VersionLoggerListener.log Server version name:   Apache Tomcat/9.0.98
20-Jan-2025 16:26:11.641 INFO [main] org.apache.catalina.startup.VersionLoggerListener.log Server built:          Dec 5 2024 19:50:29 UTC
20-Jan-2025 16:26:11.641 INFO [main] org.apache.catalina.startup.VersionLoggerListener.log Server version number: 9.0.98.0
20-Jan-2025 16:26:11.641 INFO [main] org.apache.catalina.startup.VersionLoggerListener.log OS Name:               Linux
20-Jan-2025 16:26:11.641 INFO [main] org.apache.catalina.startup.VersionLoggerListener.log OS Version:            6.10.11-linuxkit
20-Jan-2025 16:26:11.641 INFO [main] org.apache.catalina.startup.VersionLoggerListener.log Architecture:          aarch64
20-Jan-2025 16:26:11.641 INFO [main] org.apache.catalina.startup.VersionLoggerListener.log Java Home:             /opt/java/openjdk
20-Jan-2025 16:26:11.641 INFO [main] org.apache.catalina.startup.VersionLoggerListener.log JVM Version:           21.0.5+11-LTS
20-Jan-2025 16:26:11.641 INFO [main] org.apache.catalina.startup.VersionLoggerListener.log JVM Vendor:            Eclipse Adoptium
20-Jan-2025 16:26:11.641 INFO [main] org.apache.catalina.startup.VersionLoggerListener.log CATALINA_BASE:         /usr/local/tomcat
20-Jan-2025 16:26:11.641 INFO [main] org.apache.catalina.startup.VersionLoggerListener.log CATALINA_HOME:         /usr/local/tomcat
20-Jan-2025 16:26:11.643 INFO [main] org.apache.catalina.startup.VersionLoggerListener.log Command line argument: --add-opens=java.base/java.lang=ALL-UNNAMED
20-Jan-2025 16:26:11.643 INFO [main] org.apache.catalina.startup.VersionLoggerListener.log Command line argument: --add-opens=java.base/java.io=ALL-UNNAMED
20-Jan-2025 16:26:11.643 INFO [main] org.apache.catalina.startup.VersionLoggerListener.log Command line argument: --add-opens=java.base/java.util=ALL-UNNAMED
20-Jan-2025 16:26:11.643 INFO [main] org.apache.catalina.startup.VersionLoggerListener.log Command line argument: --add-opens=java.base/java.util.concurrent=ALL-UNNAMED
20-Jan-2025 16:26:11.643 INFO [main] org.apache.catalina.startup.VersionLoggerListener.log Command line argument: --add-opens=java.rmi/sun.rmi.transport=ALL-UNNAMED
20-Jan-2025 16:26:11.643 INFO [main] org.apache.catalina.startup.VersionLoggerListener.log Command line argument: -Djava.util.logging.config.file=/usr/local/tomcat/conf/logging.properties
20-Jan-2025 16:26:11.643 INFO [main] org.apache.catalina.startup.VersionLoggerListener.log Command line argument: -Djava.util.logging.manager=org.apache.juli.ClassLoaderLogManager
20-Jan-2025 16:26:11.643 INFO [main] org.apache.catalina.startup.VersionLoggerListener.log Command line argument: -Djdk.tls.ephemeralDHKeySize=2048
20-Jan-2025 16:26:11.643 INFO [main] org.apache.catalina.startup.VersionLoggerListener.log Command line argument: -Djava.protocol.handler.pkgs=org.apache.catalina.webresources
20-Jan-2025 16:26:11.643 INFO [main] org.apache.catalina.startup.VersionLoggerListener.log Command line argument: -Dorg.apache.catalina.security.SecurityListener.UMASK=0027
20-Jan-2025 16:26:11.643 INFO [main] org.apache.catalina.startup.VersionLoggerListener.log Command line argument: -Dignore.endorsed.dirs=
20-Jan-2025 16:26:11.643 INFO [main] org.apache.catalina.startup.VersionLoggerListener.log Command line argument: -Dcatalina.base=/usr/local/tomcat
20-Jan-2025 16:26:11.643 INFO [main] org.apache.catalina.startup.VersionLoggerListener.log Command line argument: -Dcatalina.home=/usr/local/tomcat
20-Jan-2025 16:26:11.643 INFO [main] org.apache.catalina.startup.VersionLoggerListener.log Command line argument: -Djava.io.tmpdir=/usr/local/tomcat/temp
20-Jan-2025 16:26:11.653 INFO [main] org.apache.catalina.core.AprLifecycleListener.lifecycleEvent Loaded Apache Tomcat Native library [1.3.1] using APR version [1.7.2].
20-Jan-2025 16:26:11.653 INFO [main] org.apache.catalina.core.AprLifecycleListener.lifecycleEvent APR capabilities: IPv6 [true], sendfile [true], accept filters [false], random [true], UDS [true].
20-Jan-2025 16:26:11.653 INFO [main] org.apache.catalina.core.AprLifecycleListener.lifecycleEvent APR/OpenSSL configuration: useAprConnector [false], useOpenSSL [true]
20-Jan-2025 16:26:11.662 INFO [main] org.apache.catalina.core.AprLifecycleListener.initializeSSL OpenSSL successfully initialized [OpenSSL 3.0.13 30 Jan 2024]
20-Jan-2025 16:26:11.836 INFO [main] org.apache.coyote.AbstractProtocol.init Initializing ProtocolHandler ["http-nio-8080"]
20-Jan-2025 16:26:11.851 INFO [main] org.apache.catalina.startup.Catalina.load Server initialization in [335] milliseconds
20-Jan-2025 16:26:11.874 INFO [main] org.apache.catalina.core.StandardService.startInternal Starting service [Catalina]
20-Jan-2025 16:26:11.874 INFO [main] org.apache.catalina.core.StandardEngine.startInternal Starting Servlet engine: [Apache Tomcat/9.0.98]
20-Jan-2025 16:26:11.884 INFO [main] org.apache.catalina.startup.HostConfig.deployWAR Deploying web application archive [/usr/local/tomcat/webapps/Admin.war]
20-Jan-2025 16:26:11.893 WARNING [main] org.apache.tomcat.util.digester.Digester.endElement No rules found matching [Context/Host]
20-Jan-2025 16:26:11.896 WARNING [main] org.apache.tomcat.util.digester.Digester.endElement No rules found matching [Context/Resources/JarScanFilter/JarScanFilter/include]
20-Jan-2025 16:26:11.896 WARNING [main] org.apache.tomcat.util.digester.Digester.endElement No rules found matching [Context/Resources/JarScanFilter/JarScanFilter/exclude]
20-Jan-2025 16:26:11.897 WARNING [main] org.apache.tomcat.util.digester.Digester.endElement No rules found matching [Context/Resources/JarScanFilter/JarScanFilter/exclude]
20-Jan-2025 16:26:11.897 WARNING [main] org.apache.tomcat.util.digester.Digester.endElement No rules found matching [Context/Resources/JarScanFilter/JarScanFilter]
20-Jan-2025 16:26:11.897 WARNING [main] org.apache.tomcat.util.digester.Digester.endElement No rules found matching [Context/Resources/JarScanFilter]
20-Jan-2025 16:26:12.447 FINE [main] org.apache.jasper.servlet.TldScanner.scanResourcePaths No TLD files were found in resource path [/WEB-INF/].
20-Jan-2025 16:26:12.476 INFO [main] org.apache.catalina.startup.HostConfig.deployWAR Deployment of web application archive [/usr/local/tomcat/webapps/Admin.war] has finished in [592] ms
20-Jan-2025 16:26:12.478 INFO [main] org.apache.coyote.AbstractProtocol.start Starting ProtocolHandler ["http-nio-8080"]
20-Jan-2025 16:26:12.485 INFO [main] org.apache.catalina.startup.Catalina.start Server startup in [633] milliseconds
20-Jan-2025 17:08:44.754 INFO [Catalina-utility-1] org.apache.catalina.startup.HostConfig.undeploy Undeploying context [/Admin]
20-Jan-2025 17:08:54.823 INFO [Catalina-utility-2] org.apache.catalina.startup.HostConfig.deployWAR Deploying web application archive [/usr/local/tomcat/webapps/book.war]
20-Jan-2025 17:08:54.832 WARNING [Catalina-utility-2] org.apache.tomcat.util.digester.Digester.endElement No rules found matching [Context/Host]
20-Jan-2025 17:08:54.833 WARNING [Catalina-utility-2] org.apache.tomcat.util.digester.Digester.endElement No rules found matching [Context/Resources/JarScanFilter/JarScanFilter/include]
20-Jan-2025 17:08:54.833 WARNING [Catalina-utility-2] org.apache.tomcat.util.digester.Digester.endElement No rules found matching [Context/Resources/JarScanFilter/JarScanFilter/exclude]
20-Jan-2025 17:08:54.833 WARNING [Catalina-utility-2] org.apache.tomcat.util.digester.Digester.endElement No rules found matching [Context/Resources/JarScanFilter/JarScanFilter/exclude]
20-Jan-2025 17:08:54.833 WARNING [Catalina-utility-2] org.apache.tomcat.util.digester.Digester.endElement No rules found matching [Context/Resources/JarScanFilter/JarScanFilter]
20-Jan-2025 17:08:54.834 WARNING [Catalina-utility-2] org.apache.tomcat.util.digester.Digester.endElement No rules found matching [Context/Resources/JarScanFilter]
20-Jan-2025 17:08:55.247 FINE [Catalina-utility-2] org.apache.jasper.servlet.TldScanner.scanResourcePaths No TLD files were found in resource path [/WEB-INF/].
20-Jan-2025 17:08:55.251 INFO [Catalina-utility-2] org.apache.catalina.startup.HostConfig.deployWAR Deployment of web application archive [/usr/local/tomcat/webapps/book.war] has finished in [428] ms
20-Jan-2025 17:12:45.447 INFO [Catalina-utility-2] org.apache.catalina.startup.HostConfig.undeploy Undeploying context [/book]
20-Jan-2025 17:12:45.473 INFO [Catalina-utility-2] org.apache.catalina.startup.HostConfig.deployWAR Deploying web application archive [/usr/local/tomcat/webapps/book.war]
20-Jan-2025 17:12:45.478 WARNING [Catalina-utility-2] org.apache.tomcat.util.digester.Digester.endElement No rules found matching [Context/Host]
20-Jan-2025 17:12:45.478 WARNING [Catalina-utility-2] org.apache.tomcat.util.digester.Digester.endElement No rules found matching [Context/Resources/JarScanFilter/JarScanFilter/include]
20-Jan-2025 17:12:45.478 WARNING [Catalina-utility-2] org.apache.tomcat.util.digester.Digester.endElement No rules found matching [Context/Resources/JarScanFilter/JarScanFilter/exclude]
20-Jan-2025 17:12:45.478 WARNING [Catalina-utility-2] org.apache.tomcat.util.digester.Digester.endElement No rules found matching [Context/Resources/JarScanFilter/JarScanFilter/exclude]
20-Jan-2025 17:12:45.478 WARNING [Catalina-utility-2] org.apache.tomcat.util.digester.Digester.endElement No rules found matching [Context/Resources/JarScanFilter/JarScanFilter]
20-Jan-2025 17:12:45.478 WARNING [Catalina-utility-2] org.apache.tomcat.util.digester.Digester.endElement No rules found matching [Context/Resources/JarScanFilter]
20-Jan-2025 17:12:45.832 FINE [Catalina-utility-2] org.apache.jasper.servlet.TldScanner.scanResourcePaths No TLD files were found in resource path [/WEB-INF/].
20-Jan-2025 17:12:45.836 INFO [Catalina-utility-2] org.apache.catalina.startup.HostConfig.deployWAR Deployment of web application archive [/usr/local/tomcat/webapps/book.war] has finished in [364] ms
20-Jan-2025 17:25:26.600 INFO [Catalina-utility-2] org.apache.catalina.startup.HostConfig.undeploy Undeploying context [/book]
20-Jan-2025 17:25:36.651 INFO [Catalina-utility-2] org.apache.catalina.startup.HostConfig.deployWAR Deploying web application archive [/usr/local/tomcat/webapps/book.war]
20-Jan-2025 17:25:36.662 WARNING [Catalina-utility-2] org.apache.tomcat.util.digester.Digester.endElement No rules found matching [Context/Host]
20-Jan-2025 17:25:36.662 WARNING [Catalina-utility-2] org.apache.tomcat.util.digester.Digester.endElement No rules found matching [Context/Resources/JarScanFilter/JarScanFilter/include]
20-Jan-2025 17:25:36.662 WARNING [Catalina-utility-2] org.apache.tomcat.util.digester.Digester.endElement No rules found matching [Context/Resources/JarScanFilter/JarScanFilter/exclude]
20-Jan-2025 17:25:36.662 WARNING [Catalina-utility-2] org.apache.tomcat.util.digester.Digester.endElement No rules found matching [Context/Resources/JarScanFilter/JarScanFilter/exclude]
20-Jan-2025 17:25:36.663 WARNING [Catalina-utility-2] org.apache.tomcat.util.digester.Digester.endElement No rules found matching [Context/Resources/JarScanFilter/JarScanFilter]
20-Jan-2025 17:25:36.663 WARNING [Catalina-utility-2] org.apache.tomcat.util.digester.Digester.endElement No rules found matching [Context/Resources/JarScanFilter]
20-Jan-2025 17:25:37.075 FINE [Catalina-utility-2] org.apache.jasper.servlet.TldScanner.scanResourcePaths No TLD files were found in resource path [/WEB-INF/].
20-Jan-2025 17:25:37.080 INFO [Catalina-utility-2] org.apache.catalina.startup.HostConfig.deployWAR Deployment of web application archive [/usr/local/tomcat/webapps/book.war] has finished in [429] ms
20-Jan-2025 17:25:42.654 INFO [Thread-1] org.apache.coyote.AbstractProtocol.pause Pausing ProtocolHandler ["http-nio-8080"]
20-Jan-2025 17:25:42.664 INFO [Thread-1] org.apache.catalina.core.StandardService.stopInternal Stopping service [Catalina]
20-Jan-2025 17:25:42.668 INFO [Thread-1] org.apache.coyote.AbstractProtocol.stop Stopping ProtocolHandler ["http-nio-8080"]
20-Jan-2025 17:25:42.672 INFO [Thread-1] org.apache.coyote.AbstractProtocol.destroy Destroying ProtocolHandler ["http-nio-8080"]
20-Jan-2025 17:25:43.116 WARNING [main] org.apache.tomcat.util.digester.SetPropertiesRule.begin Match [Server/Service/Engine/Host] failed to set property [reloadable] to [true]
20-Jan-2025 17:25:43.125 INFO [main] org.apache.catalina.startup.VersionLoggerListener.log Server version name:   Apache Tomcat/9.0.98
20-Jan-2025 17:25:43.125 INFO [main] org.apache.catalina.startup.VersionLoggerListener.log Server built:          Dec 5 2024 19:50:29 UTC
20-Jan-2025 17:25:43.125 INFO [main] org.apache.catalina.startup.VersionLoggerListener.log Server version number: 9.0.98.0
20-Jan-2025 17:25:43.125 INFO [main] org.apache.catalina.startup.VersionLoggerListener.log OS Name:               Linux
20-Jan-2025 17:25:43.125 INFO [main] org.apache.catalina.startup.VersionLoggerListener.log OS Version:            6.10.11-linuxkit
20-Jan-2025 17:25:43.125 INFO [main] org.apache.catalina.startup.VersionLoggerListener.log Architecture:          aarch64
20-Jan-2025 17:25:43.125 INFO [main] org.apache.catalina.startup.VersionLoggerListener.log Java Home:             /opt/java/openjdk
20-Jan-2025 17:25:43.126 INFO [main] org.apache.catalina.startup.VersionLoggerListener.log JVM Version:           21.0.5+11-LTS
20-Jan-2025 17:25:43.126 INFO [main] org.apache.catalina.startup.VersionLoggerListener.log JVM Vendor:            Eclipse Adoptium
20-Jan-2025 17:25:43.126 INFO [main] org.apache.catalina.startup.VersionLoggerListener.log CATALINA_BASE:         /usr/local/tomcat
20-Jan-2025 17:25:43.126 INFO [main] org.apache.catalina.startup.VersionLoggerListener.log CATALINA_HOME:         /usr/local/tomcat
20-Jan-2025 17:25:43.126 INFO [main] org.apache.catalina.startup.VersionLoggerListener.log Command line argument: --add-opens=java.base/java.lang=ALL-UNNAMED
20-Jan-2025 17:25:43.126 INFO [main] org.apache.catalina.startup.VersionLoggerListener.log Command line argument: --add-opens=java.base/java.io=ALL-UNNAMED
20-Jan-2025 17:25:43.126 INFO [main] org.apache.catalina.startup.VersionLoggerListener.log Command line argument: --add-opens=java.base/java.util=ALL-UNNAMED
20-Jan-2025 17:25:43.126 INFO [main] org.apache.catalina.startup.VersionLoggerListener.log Command line argument: --add-opens=java.base/java.util.concurrent=ALL-UNNAMED
20-Jan-2025 17:25:43.126 INFO [main] org.apache.catalina.startup.VersionLoggerListener.log Command line argument: --add-opens=java.rmi/sun.rmi.transport=ALL-UNNAMED
20-Jan-2025 17:25:43.126 INFO [main] org.apache.catalina.startup.VersionLoggerListener.log Command line argument: -Djava.util.logging.config.file=/usr/local/tomcat/conf/logging.properties
20-Jan-2025 17:25:43.126 INFO [main] org.apache.catalina.startup.VersionLoggerListener.log Command line argument: -Djava.util.logging.manager=org.apache.juli.ClassLoaderLogManager
20-Jan-2025 17:25:43.126 INFO [main] org.apache.catalina.startup.VersionLoggerListener.log Command line argument: -Djdk.tls.ephemeralDHKeySize=2048
20-Jan-2025 17:25:43.126 INFO [main] org.apache.catalina.startup.VersionLoggerListener.log Command line argument: -Djava.protocol.handler.pkgs=org.apache.catalina.webresources
20-Jan-2025 17:25:43.126 INFO [main] org.apache.catalina.startup.VersionLoggerListener.log Command line argument: -Dorg.apache.catalina.security.SecurityListener.UMASK=0027
20-Jan-2025 17:25:43.126 INFO [main] org.apache.catalina.startup.VersionLoggerListener.log Command line argument: -Dignore.endorsed.dirs=
20-Jan-2025 17:25:43.127 INFO [main] org.apache.catalina.startup.VersionLoggerListener.log Command line argument: -Dcatalina.base=/usr/local/tomcat
20-Jan-2025 17:25:43.127 INFO [main] org.apache.catalina.startup.VersionLoggerListener.log Command line argument: -Dcatalina.home=/usr/local/tomcat
20-Jan-2025 17:25:43.127 INFO [main] org.apache.catalina.startup.VersionLoggerListener.log Command line argument: -Djava.io.tmpdir=/usr/local/tomcat/temp
20-Jan-2025 17:25:43.129 INFO [main] org.apache.catalina.core.AprLifecycleListener.lifecycleEvent Loaded Apache Tomcat Native library [1.3.1] using APR version [1.7.2].
20-Jan-2025 17:25:43.129 INFO [main] org.apache.catalina.core.AprLifecycleListener.lifecycleEvent APR capabilities: IPv6 [true], sendfile [true], accept filters [false], random [true], UDS [true].
20-Jan-2025 17:25:43.129 INFO [main] org.apache.catalina.core.AprLifecycleListener.lifecycleEvent APR/OpenSSL configuration: useAprConnector [false], useOpenSSL [true]
20-Jan-2025 17:25:43.132 INFO [main] org.apache.catalina.core.AprLifecycleListener.initializeSSL OpenSSL successfully initialized [OpenSSL 3.0.13 30 Jan 2024]
20-Jan-2025 17:25:43.291 INFO [main] org.apache.coyote.AbstractProtocol.init Initializing ProtocolHandler ["http-nio-8080"]
20-Jan-2025 17:25:43.300 INFO [main] org.apache.catalina.startup.Catalina.load Server initialization in [266] milliseconds
20-Jan-2025 17:25:43.319 INFO [main] org.apache.catalina.core.StandardService.startInternal Starting service [Catalina]
20-Jan-2025 17:25:43.319 INFO [main] org.apache.catalina.core.StandardEngine.startInternal Starting Servlet engine: [Apache Tomcat/9.0.98]
20-Jan-2025 17:25:43.329 INFO [main] org.apache.catalina.startup.HostConfig.deployWAR Deploying web application archive [/usr/local/tomcat/webapps/book.war]
20-Jan-2025 17:25:43.336 WARNING [main] org.apache.tomcat.util.digester.Digester.endElement No rules found matching [Context/Host]
20-Jan-2025 17:25:43.339 WARNING [main] org.apache.tomcat.util.digester.Digester.endElement No rules found matching [Context/Resources/JarScanFilter/JarScanFilter/include]
20-Jan-2025 17:25:43.339 WARNING [main] org.apache.tomcat.util.digester.Digester.endElement No rules found matching [Context/Resources/JarScanFilter/JarScanFilter/exclude]
20-Jan-2025 17:25:43.339 WARNING [main] org.apache.tomcat.util.digester.Digester.endElement No rules found matching [Context/Resources/JarScanFilter/JarScanFilter/exclude]
20-Jan-2025 17:25:43.339 WARNING [main] org.apache.tomcat.util.digester.Digester.endElement No rules found matching [Context/Resources/JarScanFilter/JarScanFilter]
20-Jan-2025 17:25:43.339 WARNING [main] org.apache.tomcat.util.digester.Digester.endElement No rules found matching [Context/Resources/JarScanFilter]
20-Jan-2025 17:25:43.342 INFO [main] org.apache.catalina.startup.ExpandWar.expand An expanded directory [/usr/local/tomcat/webapps/book] was found with a last modified time that did not match the associated WAR. It will be deleted.
20-Jan-2025 17:25:43.859 FINE [main] org.apache.jasper.servlet.TldScanner.scanResourcePaths No TLD files were found in resource path [/WEB-INF/].
20-Jan-2025 17:25:43.880 INFO [main] org.apache.catalina.startup.HostConfig.deployWAR Deployment of web application archive [/usr/local/tomcat/webapps/book.war] has finished in [551] ms
20-Jan-2025 17:25:43.882 INFO [main] org.apache.coyote.AbstractProtocol.start Starting ProtocolHandler ["http-nio-8080"]
20-Jan-2025 17:25:43.887 INFO [main] org.apache.catalina.startup.Catalina.start Server startup in [585] milliseconds
20-Jan-2025 09:37:24.176 WARNING [main] org.apache.tomcat.util.digester.SetPropertiesRule.begin Match [Server/Service/Engine/Host] failed to set property [reloadable] to [true]
20-Jan-2025 09:37:24.185 INFO [main] org.apache.catalina.startup.VersionLoggerListener.log Server version name:   Apache Tomcat/10.1.34
20-Jan-2025 09:37:24.186 INFO [main] org.apache.catalina.startup.VersionLoggerListener.log Server built:          Dec 5 2024 16:01:16 UTC
20-Jan-2025 09:37:24.186 INFO [main] org.apache.catalina.startup.VersionLoggerListener.log Server version number: 10.1.34.0
20-Jan-2025 09:37:24.186 INFO [main] org.apache.catalina.startup.VersionLoggerListener.log OS Name:               Linux
20-Jan-2025 09:37:24.186 INFO [main] org.apache.catalina.startup.VersionLoggerListener.log OS Version:            6.10.11-linuxkit
20-Jan-2025 09:37:24.186 INFO [main] org.apache.catalina.startup.VersionLoggerListener.log Architecture:          aarch64
20-Jan-2025 09:37:24.186 INFO [main] org.apache.catalina.startup.VersionLoggerListener.log Java Home:             /opt/java/openjdk
20-Jan-2025 09:37:24.186 INFO [main] org.apache.catalina.startup.VersionLoggerListener.log JVM Version:           21.0.5+11-LTS
20-Jan-2025 09:37:24.186 INFO [main] org.apache.catalina.startup.VersionLoggerListener.log JVM Vendor:            Eclipse Adoptium
20-Jan-2025 09:37:24.186 INFO [main] org.apache.catalina.startup.VersionLoggerListener.log CATALINA_BASE:         /usr/local/tomcat
20-Jan-2025 09:37:24.186 INFO [main] org.apache.catalina.startup.VersionLoggerListener.log CATALINA_HOME:         /usr/local/tomcat
20-Jan-2025 09:37:24.187 INFO [main] org.apache.catalina.startup.VersionLoggerListener.log Command line argument: -Djava.util.logging.config.file=/usr/local/tomcat/conf/logging.properties
20-Jan-2025 09:37:24.187 INFO [main] org.apache.catalina.startup.VersionLoggerListener.log Command line argument: -Djava.util.logging.manager=org.apache.juli.ClassLoaderLogManager
20-Jan-2025 09:37:24.187 INFO [main] org.apache.catalina.startup.VersionLoggerListener.log Command line argument: -Djdk.tls.ephemeralDHKeySize=2048
20-Jan-2025 09:37:24.187 INFO [main] org.apache.catalina.startup.VersionLoggerListener.log Command line argument: -Djava.protocol.handler.pkgs=org.apache.catalina.webresources
20-Jan-2025 09:37:24.187 INFO [main] org.apache.catalina.startup.VersionLoggerListener.log Command line argument: -Dorg.apache.catalina.security.SecurityListener.UMASK=0027
20-Jan-2025 09:37:24.187 INFO [main] org.apache.catalina.startup.VersionLoggerListener.log Command line argument: --add-opens=java.base/java.lang=ALL-UNNAMED
20-Jan-2025 09:37:24.187 INFO [main] org.apache.catalina.startup.VersionLoggerListener.log Command line argument: --add-opens=java.base/java.io=ALL-UNNAMED
20-Jan-2025 09:37:24.187 INFO [main] org.apache.catalina.startup.VersionLoggerListener.log Command line argument: --add-opens=java.base/java.util=ALL-UNNAMED
20-Jan-2025 09:37:24.187 INFO [main] org.apache.catalina.startup.VersionLoggerListener.log Command line argument: --add-opens=java.base/java.util.concurrent=ALL-UNNAMED
20-Jan-2025 09:37:24.187 INFO [main] org.apache.catalina.startup.VersionLoggerListener.log Command line argument: --add-opens=java.rmi/sun.rmi.transport=ALL-UNNAMED
20-Jan-2025 09:37:24.187 INFO [main] org.apache.catalina.startup.VersionLoggerListener.log Command line argument: -Dcatalina.base=/usr/local/tomcat
20-Jan-2025 09:37:24.187 INFO [main] org.apache.catalina.startup.VersionLoggerListener.log Command line argument: -Dcatalina.home=/usr/local/tomcat
20-Jan-2025 09:37:24.188 INFO [main] org.apache.catalina.startup.VersionLoggerListener.log Command line argument: -Djava.io.tmpdir=/usr/local/tomcat/temp
20-Jan-2025 09:37:24.190 INFO [main] org.apache.catalina.core.AprLifecycleListener.lifecycleEvent Loaded Apache Tomcat Native library [2.0.8] using APR version [1.7.2].
20-Jan-2025 09:37:24.193 INFO [main] org.apache.catalina.core.AprLifecycleListener.initializeSSL OpenSSL successfully initialized [OpenSSL 3.0.13 30 Jan 2024]
20-Jan-2025 09:37:24.338 INFO [main] org.apache.coyote.AbstractProtocol.init Initializing ProtocolHandler ["http-nio-8080"]
20-Jan-2025 09:37:24.347 INFO [main] org.apache.catalina.startup.Catalina.load Server initialization in [250] milliseconds
20-Jan-2025 09:37:24.365 INFO [main] org.apache.catalina.core.StandardService.startInternal Starting service [Catalina]
20-Jan-2025 09:37:24.365 INFO [main] org.apache.catalina.core.StandardEngine.startInternal Starting Servlet engine: [Apache Tomcat/10.1.34]
20-Jan-2025 09:37:24.374 INFO [main] org.apache.catalina.startup.HostConfig.deployWAR Deploying web application archive [/usr/local/tomcat/webapps/book.war]
20-Jan-2025 09:37:24.381 WARNING [main] org.apache.tomcat.util.digester.Digester.endElement No rules found matching [Context/Host]
20-Jan-2025 09:37:24.384 WARNING [main] org.apache.tomcat.util.digester.Digester.endElement No rules found matching [Context/Resources/JarScanFilter/JarScanFilter/include]
20-Jan-2025 09:37:24.384 WARNING [main] org.apache.tomcat.util.digester.Digester.endElement No rules found matching [Context/Resources/JarScanFilter/JarScanFilter/exclude]
20-Jan-2025 09:37:24.384 WARNING [main] org.apache.tomcat.util.digester.Digester.endElement No rules found matching [Context/Resources/JarScanFilter/JarScanFilter/exclude]
20-Jan-2025 09:37:24.384 WARNING [main] org.apache.tomcat.util.digester.Digester.endElement No rules found matching [Context/Resources/JarScanFilter/JarScanFilter]
20-Jan-2025 09:37:24.384 WARNING [main] org.apache.tomcat.util.digester.Digester.endElement No rules found matching [Context/Resources/JarScanFilter]
20-Jan-2025 09:37:24.386 INFO [main] org.apache.catalina.startup.ExpandWar.expand An expanded directory [/usr/local/tomcat/webapps/book] was found with a last modified time that did not match the associated WAR. It will be deleted.
20-Jan-2025 09:37:24.949 FINE [main] org.apache.jasper.servlet.TldScanner.scanResourcePaths No TLD files were found in resource path [/WEB-INF/].
20-Jan-2025 09:37:27.177 INFO [main] org.apache.catalina.startup.HostConfig.deployWAR Deployment of web application archive [/usr/local/tomcat/webapps/book.war] has finished in [2,803] ms
20-Jan-2025 09:37:27.180 INFO [main] org.apache.coyote.AbstractProtocol.start Starting ProtocolHandler ["http-nio-8080"]
20-Jan-2025 09:37:27.188 INFO [main] org.apache.catalina.startup.Catalina.start Server startup in [2840] milliseconds
20-Jan-2025 09:37:47.702 INFO [Catalina-utility-2] org.apache.catalina.startup.HostConfig.undeploy Undeploying context [/book]
20-Jan-2025 09:37:47.744 INFO [Catalina-utility-2] org.apache.catalina.startup.HostConfig.deployWAR Deploying web application archive [/usr/local/tomcat/webapps/book.war]
20-Jan-2025 09:37:47.746 WARNING [Catalina-utility-2] org.apache.tomcat.util.digester.Digester.endElement No rules found matching [Context/Host]
20-Jan-2025 09:37:47.747 WARNING [Catalina-utility-2] org.apache.tomcat.util.digester.Digester.endElement No rules found matching [Context/Resources/JarScanFilter/JarScanFilter/include]
20-Jan-2025 09:37:47.747 WARNING [Catalina-utility-2] org.apache.tomcat.util.digester.Digester.endElement No rules found matching [Context/Resources/JarScanFilter/JarScanFilter/exclude]
20-Jan-2025 09:37:47.747 WARNING [Catalina-utility-2] org.apache.tomcat.util.digester.Digester.endElement No rules found matching [Context/Resources/JarScanFilter/JarScanFilter/exclude]
20-Jan-2025 09:37:47.747 WARNING [Catalina-utility-2] org.apache.tomcat.util.digester.Digester.endElement No rules found matching [Context/Resources/JarScanFilter/JarScanFilter]
20-Jan-2025 09:37:47.747 WARNING [Catalina-utility-2] org.apache.tomcat.util.digester.Digester.endElement No rules found matching [Context/Resources/JarScanFilter]
20-Jan-2025 09:37:48.155 FINE [Catalina-utility-2] org.apache.jasper.servlet.TldScanner.scanResourcePaths No TLD files were found in resource path [/WEB-INF/].
20-Jan-2025 09:37:49.719 INFO [Catalina-utility-2] org.apache.catalina.startup.HostConfig.deployWAR Deployment of web application archive [/usr/local/tomcat/webapps/book.war] has finished in [1,974] ms
